2023-04-02 11:46:24,065 [INFO] Activator:176 - 


2023-04-02 11:46:24,067 [INFO] Activator:177 - !SESSION log4j initialized
2023-04-02 11:46:26,153 [INFO] LogOutputStream:77 - [STDOUT_REDIRECT] 
2023-04-02 11:46:44,626 [ERROR] LogOutputStream:75 - [STDERR_REDIRECT] SLF4J: Failed to load class "org.slf4j.impl.StaticLoggerBinder".
2023-04-02 11:46:44,626 [ERROR] LogOutputStream:75 - [STDERR_REDIRECT] SLF4J: Defaulting to no-operation (NOP) logger implementation
2023-04-02 11:46:44,627 [ERROR] LogOutputStream:75 - [STDERR_REDIRECT] SLF4J: See http://www.slf4j.org/codes.html#StaticLoggerBinder for further details.
2023-04-02 11:48:11,503 [INFO] Activator:176 - 


2023-04-02 11:48:11,505 [INFO] Activator:177 - !SESSION log4j initialized
2023-04-02 11:48:13,714 [INFO] LogOutputStream:77 - [STDOUT_REDIRECT] 
2023-04-02 11:48:32,322 [ERROR] LogOutputStream:75 - [STDERR_REDIRECT] SLF4J: Failed to load class "org.slf4j.impl.StaticLoggerBinder".
2023-04-02 11:48:32,322 [ERROR] LogOutputStream:75 - [STDERR_REDIRECT] SLF4J: Defaulting to no-operation (NOP) logger implementation
2023-04-02 11:48:32,323 [ERROR] LogOutputStream:75 - [STDERR_REDIRECT] SLF4J: See http://www.slf4j.org/codes.html#StaticLoggerBinder for further details.
2023-04-02 11:52:25,245 [INFO] ApplicationProperties:184 - Using Application install path: /opt/st/stm32cubeide_1.10.1/plugins/com.st.stm32cube.common.mx_6.8.0.202302231600
2023-04-02 11:52:25,256 [INFO] DbMcusXml:78 - Set database path to: /opt/st/stm32cubeide_1.10.1/plugins/com.st.stm32cube.common.mx_6.8.0.202302231600//db//mcu/
2023-04-02 11:52:25,256 [INFO] ApiDb:274 - Set plugin database path to: /opt/st/stm32cubeide_1.10.1/plugins/com.st.stm32cube.common.mx_6.8.0.202302231600//db//plugins/boardmanager/
2023-04-02 11:52:25,258 [WARN] ApiDb:259 - Overriding images path with different value:  => /opt/st/stm32cubeide_1.10.1/plugins/com.st.stm32cube.common.mx_6.8.0.202302231600//db//plugins/mcufinder/images/
2023-04-02 11:52:25,726 [INFO] ApiDb:250 - Set database path to: /home/leon/.stmcufinder/plugins/mcufinder//mcu/
2023-04-02 11:52:25,727 [INFO] DbMcusAds:125 - Set database path to: /home/leon/.stmcufinder/plugins/mcufinder//mcu/
2023-04-02 11:52:25,940 [INFO] CrossReferenceDbSqlite:203 - Set database path to: /home/leon/.stmcufinder/plugins/mcufinder//mcu/cs/
2023-04-02 11:52:26,044 [INFO] RulesReader:64 - Compatibility file has been processed (293 Rules)
2023-04-02 11:52:26,074 [INFO] DbMcusXml:78 - Set database path to: /opt/st/stm32cubeide_1.10.1/plugins/com.st.stm32cube.common.mx_6.8.0.202302231600//db//mcu/
2023-04-02 11:52:26,074 [INFO] ApiDb:274 - Set plugin database path to: /opt/st/stm32cubeide_1.10.1/plugins/com.st.stm32cube.common.mx_6.8.0.202302231600//db//plugins/boardmanager/
2023-04-02 11:52:26,074 [INFO] ApiDb:261 - Set plugin images path to: /opt/st/stm32cubeide_1.10.1/plugins/com.st.stm32cube.common.mx_6.8.0.202302231600//db//plugins/mcufinder/images/
2023-04-02 11:52:26,075 [WARN] DbFile:41 - Overriding database path with different value: /home/leon/.stmcufinder/plugins/mcufinder/ => /home/leon/.stmcufinder/plugins/mcufinder
2023-04-02 11:52:26,075 [INFO] ApiDb:250 - Set database path to: /home/leon/.stmcufinder/plugins/mcufinder//mcu/
2023-04-02 11:52:26,075 [WARN] DbFile:41 - Overriding database path with different value: /home/leon/.stmcufinder/plugins/mcufinder/ => /home/leon/.stmcufinder/plugins/mcufinder
2023-04-02 11:52:26,075 [INFO] DbMcusAds:125 - Set database path to: /home/leon/.stmcufinder/plugins/mcufinder//mcu/
2023-04-02 11:52:26,075 [WARN] DbFile:41 - Overriding database path with different value: /home/leon/.stmcufinder/plugins/mcufinder/ => /home/leon/.stmcufinder/plugins/mcufinder
2023-04-02 11:52:26,075 [WARN] DbFile:41 - Overriding database path with different value: /home/leon/.stmcufinder/plugins/mcufinder/ => /home/leon/.stmcufinder/plugins/mcufinder
2023-04-02 11:52:26,075 [INFO] CrossReferenceDbSqlite:203 - Set database path to: /home/leon/.stmcufinder/plugins/mcufinder//mcu/cs/
2023-04-02 11:52:26,109 [INFO] MainPanel:253 - HeapMemory: 362807296
2023-04-02 11:52:26,152 [INFO] DbMcusXml:78 - Set database path to: /opt/st/stm32cubeide_1.10.1/plugins/com.st.stm32cube.common.mx_6.8.0.202302231600//db//mcu/
2023-04-02 11:52:26,152 [INFO] ApiDb:274 - Set plugin database path to: /opt/st/stm32cubeide_1.10.1/plugins/com.st.stm32cube.common.mx_6.8.0.202302231600//db//plugins/boardmanager/
2023-04-02 11:52:26,152 [INFO] ApiDb:261 - Set plugin images path to: /opt/st/stm32cubeide_1.10.1/plugins/com.st.stm32cube.common.mx_6.8.0.202302231600//db//plugins/mcufinder/images/
2023-04-02 11:52:26,152 [WARN] DbFile:41 - Overriding database path with different value: /home/leon/.stmcufinder/plugins/mcufinder/ => /home/leon/.stmcufinder/plugins/mcufinder
2023-04-02 11:52:26,152 [INFO] ApiDb:250 - Set database path to: /home/leon/.stmcufinder/plugins/mcufinder//mcu/
2023-04-02 11:52:26,152 [WARN] DbFile:41 - Overriding database path with different value: /home/leon/.stmcufinder/plugins/mcufinder/ => /home/leon/.stmcufinder/plugins/mcufinder
2023-04-02 11:52:26,153 [INFO] DbMcusAds:125 - Set database path to: /home/leon/.stmcufinder/plugins/mcufinder//mcu/
2023-04-02 11:52:26,153 [WARN] DbFile:41 - Overriding database path with different value: /home/leon/.stmcufinder/plugins/mcufinder/ => /home/leon/.stmcufinder/plugins/mcufinder
2023-04-02 11:52:26,153 [WARN] DbFile:41 - Overriding database path with different value: /home/leon/.stmcufinder/plugins/mcufinder/ => /home/leon/.stmcufinder/plugins/mcufinder
2023-04-02 11:52:26,153 [INFO] CrossReferenceDbSqlite:203 - Set database path to: /home/leon/.stmcufinder/plugins/mcufinder//mcu/cs/
2023-04-02 11:52:26,162 [INFO] ApplicationProperties:184 - Using Application install path: /opt/st/stm32cubeide_1.10.1/plugins/com.st.stm32cube.common.mx_6.8.0.202302231600
2023-04-02 11:52:26,163 [INFO] PluginManage:196 - Search for loadable plugins [exclusion list=, ]
2023-04-02 11:52:26,163 [INFO] PluginManage:310 - Check plugin analytics
2023-04-02 11:52:26,242 [INFO] AnalyticsPlugin:253 - Accepted Software Licenses: STM32CubeMX.6.6.1
2023-04-02 11:52:26,242 [INFO] AnalyticsPlugin:255 - Accepted CMSIS Pack Licenses: 
2023-04-02 11:52:26,242 [INFO] AnalyticsPlugin:257 - Accepted Firmware Licenses: 
2023-04-02 11:52:26,245 [INFO] PluginManage:359 - Loaded plugin analytics (category:tool,tabindex:-1)
2023-04-02 11:52:26,246 [INFO] PluginManage:310 - Check plugin cadmodel
2023-04-02 11:52:26,266 [INFO] CADModel:105 - Init CAD model plugin
2023-04-02 11:52:26,266 [INFO] PluginManage:359 - Loaded plugin cadmodel (category:power,tabindex:5)
2023-04-02 11:52:26,267 [INFO] PluginManage:310 - Check plugin clock
2023-04-02 11:52:26,272 [INFO] PluginManage:359 - Loaded plugin clock (category:base,tabindex:2)
2023-04-02 11:52:26,272 [INFO] PluginManage:310 - Check plugin ddr
2023-04-02 11:52:26,273 [INFO] PluginManage:359 - Loaded plugin ddr (category:tool,tabindex:6)
2023-04-02 11:52:26,273 [INFO] PluginManage:310 - Check plugin filemanager
2023-04-02 11:52:26,357 [INFO] PluginManage:359 - Loaded plugin filemanager (category:base,tabindex:10)
2023-04-02 11:52:26,357 [INFO] PluginManage:310 - Check plugin ipmanager
2023-04-02 11:52:26,361 [INFO] PluginManage:359 - Loaded plugin ipmanager (category:base,tabindex:5)
2023-04-02 11:52:26,361 [INFO] PluginManage:310 - Check plugin lpbam
2023-04-02 11:52:26,367 [INFO] PluginManage:359 - Loaded plugin lpbam (category:base,tabindex:0)
2023-04-02 11:52:26,367 [INFO] PluginManage:310 - Check plugin pinoutandconfiguration
2023-04-02 11:52:26,371 [INFO] PluginManage:359 - Loaded plugin pinoutandconfiguration (category:base,tabindex:1)
2023-04-02 11:52:26,371 [INFO] PluginManage:310 - Check plugin pinoutconfig
2023-04-02 11:52:26,417 [WARN] SupportedApi:132 - Cannot load RTOS API schema: s4s-elt-must-match.1: The content of 'definitions' must match (annotation?, (simpleType | complexType)?, (unique | key | keyref)*)). A problem was found starting at: attribute.
2023-04-02 11:52:26,501 [INFO] PluginManage:359 - Loaded plugin pinoutconfig (category:base,tabindex:0)
2023-04-02 11:52:26,501 [INFO] PluginManage:310 - Check plugin power
2023-04-02 11:52:26,507 [INFO] PluginManage:359 - Loaded plugin power (category:power,tabindex:4)
2023-04-02 11:52:26,507 [INFO] PluginManage:310 - Check plugin projectmanager
2023-04-02 11:52:26,520 [INFO] PluginManage:359 - Loaded plugin projectmanager (category:projectmanager,tabindex:3)
2023-04-02 11:52:26,520 [INFO] PluginManage:310 - Check plugin thirdparty
2023-04-02 11:52:26,584 [INFO] PluginManage:359 - Loaded plugin thirdparty (category:base,tabindex:-1)
2023-04-02 11:52:26,585 [INFO] PluginManage:310 - Check plugin tools
2023-04-02 11:52:26,584 [WARN] IntegrityCheckThread:84 - waiting for thirdparty lock release [integrity check]
2023-04-02 11:52:26,585 [INFO] IntegrityCheckThread:86 - entering critical section [integrity check]
2023-04-02 11:52:26,586 [INFO] PluginManage:359 - Loaded plugin tools (category:base,tabindex:7)
2023-04-02 11:52:26,586 [INFO] ThirdPartyUpdaterWithRetryManager:70 - Updater plugin not ready yet. [1/15]
2023-04-02 11:52:26,586 [INFO] PluginManage:310 - Check plugin tutovideos
2023-04-02 11:52:26,684 [INFO] PluginManage:359 - Loaded plugin tutovideos (category:base,tabindex:-1)
2023-04-02 11:52:26,684 [INFO] PluginManage:310 - Check plugin updater
2023-04-02 11:52:26,695 [INFO] PluginManage:359 - Loaded plugin updater (category:base,tabindex:12)
2023-04-02 11:52:26,695 [INFO] PluginManage:283 - PluginManage : Loaded plugins [15]
2023-04-02 11:52:26,802 [INFO] PinOutPanel:1499 - setPackage(No Configuration,No Configuration)
2023-04-02 11:52:26,832 [INFO] CADModel:165 - CPN selected for project level
2023-04-02 11:52:26,832 [INFO] CADModel:114 - Register for checkConnection events
2023-04-02 11:52:26,839 [INFO] IPUIPlugin:80 - create IPUIPlugin
2023-04-02 11:52:26,839 [INFO] PluginManager:220 - loadIPPluginJar : add can
2023-04-02 11:52:26,839 [INFO] IPUIPlugin:80 - create IPUIPlugin
2023-04-02 11:52:26,839 [INFO] PluginManager:220 - loadIPPluginJar : add tim
2023-04-02 11:52:26,842 [INFO] IPUIPlugin:80 - create IPUIPlugin
2023-04-02 11:52:26,842 [INFO] PluginManager:220 - loadIPPluginJar : add freertos
2023-04-02 11:52:26,843 [INFO] IPUIPlugin:80 - create IPUIPlugin
2023-04-02 11:52:26,843 [INFO] PluginManager:220 - loadIPPluginJar : add usart
2023-04-02 11:52:26,844 [INFO] IPUIPlugin:80 - create IPUIPlugin
2023-04-02 11:52:26,844 [INFO] PluginManager:220 - loadIPPluginJar : add aes
2023-04-02 11:52:26,845 [INFO] IPUIPlugin:80 - create IPUIPlugin
2023-04-02 11:52:26,845 [INFO] PluginManager:220 - loadIPPluginJar : add i3c
2023-04-02 11:52:26,846 [INFO] IPUIPlugin:80 - create IPUIPlugin
2023-04-02 11:52:26,846 [INFO] PluginManager:220 - loadIPPluginJar : add quadspi
2023-04-02 11:52:26,846 [INFO] IPUIPlugin:80 - create IPUIPlugin
2023-04-02 11:52:26,846 [INFO] PluginManager:220 - loadIPPluginJar : add genericplugin
2023-04-02 11:52:26,847 [INFO] IPUIPlugin:80 - create IPUIPlugin
2023-04-02 11:52:26,847 [INFO] PluginManager:220 - loadIPPluginJar : add dfsdm
2023-04-02 11:52:26,848 [INFO] IPUIPlugin:80 - create IPUIPlugin
2023-04-02 11:52:26,848 [INFO] PluginManager:220 - loadIPPluginJar : add fatfs
2023-04-02 11:52:26,850 [INFO] IPUIPlugin:80 - create IPUIPlugin
2023-04-02 11:52:26,851 [INFO] PluginManager:220 - loadIPPluginJar : add gic
2023-04-02 11:52:26,852 [INFO] IPUIPlugin:80 - create IPUIPlugin
2023-04-02 11:52:26,852 [INFO] PluginManager:220 - loadIPPluginJar : add lorawan
2023-04-02 11:52:26,855 [INFO] IPUIPlugin:80 - create IPUIPlugin
2023-04-02 11:52:26,855 [INFO] PluginManager:220 - loadIPPluginJar : add fmc
2023-04-02 11:52:26,856 [INFO] IPUIPlugin:80 - create IPUIPlugin
2023-04-02 11:52:26,856 [INFO] PluginManager:220 - loadIPPluginJar : add i2s
2023-04-02 11:52:26,859 [INFO] IPUIPlugin:80 - create IPUIPlugin
2023-04-02 11:52:26,859 [INFO] PluginManager:220 - loadIPPluginJar : add adc
2023-04-02 11:52:26,860 [INFO] IPUIPlugin:80 - create IPUIPlugin
2023-04-02 11:52:26,860 [INFO] PluginManager:220 - loadIPPluginJar : add gtzc
2023-04-02 11:52:26,861 [INFO] IPUIPlugin:80 - create IPUIPlugin
2023-04-02 11:52:26,861 [INFO] PluginManager:220 - loadIPPluginJar : add ucpd
2023-04-02 11:52:26,862 [INFO] IPUIPlugin:80 - create IPUIPlugin
2023-04-02 11:52:26,862 [INFO] PluginManager:220 - loadIPPluginJar : add gfxmmu
2023-04-02 11:52:26,865 [INFO] IPUIPlugin:80 - create IPUIPlugin
2023-04-02 11:52:26,866 [INFO] PluginManager:220 - loadIPPluginJar : add plateformsettings
2023-04-02 11:52:26,867 [INFO] IPUIPlugin:80 - create IPUIPlugin
2023-04-02 11:52:26,867 [INFO] PluginManager:220 - loadIPPluginJar : add tsc
2023-04-02 11:52:26,870 [INFO] IPUIPlugin:80 - create IPUIPlugin
2023-04-02 11:52:26,870 [INFO] PluginManager:220 - loadIPPluginJar : add gpio
2023-04-02 11:52:26,871 [INFO] IPUIPlugin:80 - create IPUIPlugin
2023-04-02 11:52:26,871 [INFO] PluginManager:220 - loadIPPluginJar : add hash
2023-04-02 11:52:26,872 [INFO] IPUIPlugin:80 - create IPUIPlugin
2023-04-02 11:52:26,872 [INFO] PluginManager:220 - loadIPPluginJar : add openamp
2023-04-02 11:52:26,874 [INFO] IPUIPlugin:80 - create IPUIPlugin
2023-04-02 11:52:26,874 [INFO] PluginManager:220 - loadIPPluginJar : add usbx
2023-04-02 11:52:26,884 [INFO] IPUIPlugin:80 - create IPUIPlugin
2023-04-02 11:52:26,884 [INFO] PluginManager:220 - loadIPPluginJar : add linkedlist
2023-04-02 11:52:26,886 [INFO] IPUIPlugin:80 - create IPUIPlugin
2023-04-02 11:52:26,886 [INFO] PluginManager:220 - loadIPPluginJar : add i2c
2023-04-02 11:52:26,888 [INFO] IPUIPlugin:80 - create IPUIPlugin
2023-04-02 11:52:26,888 [INFO] PluginManager:220 - loadIPPluginJar : add ipddr
2023-04-02 11:52:26,890 [INFO] IPUIPlugin:80 - create IPUIPlugin
2023-04-02 11:52:26,890 [INFO] PluginManager:220 - loadIPPluginJar : add ts
2023-04-02 11:52:26,891 [INFO] IPUIPlugin:80 - create IPUIPlugin
2023-04-02 11:52:26,891 [INFO] PluginManager:220 - loadIPPluginJar : add spi
2023-04-02 11:52:26,893 [INFO] IPUIPlugin:80 - create IPUIPlugin
2023-04-02 11:52:26,893 [INFO] PluginManager:220 - loadIPPluginJar : add touchsensing
2023-04-02 11:52:26,894 [INFO] IPUIPlugin:80 - create IPUIPlugin
2023-04-02 11:52:26,894 [INFO] PluginManager:220 - loadIPPluginJar : add tracer_emb
2023-04-02 11:52:26,898 [INFO] IPUIPlugin:80 - create IPUIPlugin
2023-04-02 11:52:26,898 [INFO] PluginManager:220 - loadIPPluginJar : add dma
2023-04-02 11:52:26,899 [INFO] IPUIPlugin:80 - create IPUIPlugin
2023-04-02 11:52:26,899 [INFO] PluginManager:220 - loadIPPluginJar : add pdm2pcm
2023-04-02 11:52:26,900 [INFO] IPUIPlugin:80 - create IPUIPlugin
2023-04-02 11:52:26,900 [INFO] PluginManager:220 - loadIPPluginJar : add ltdc
2023-04-02 11:52:26,903 [INFO] IPUIPlugin:80 - create IPUIPlugin
2023-04-02 11:52:26,903 [INFO] PluginManager:220 - loadIPPluginJar : add stm32_wpan
2023-04-02 11:52:26,905 [INFO] IPUIPlugin:80 - create IPUIPlugin
2023-04-02 11:52:26,905 [INFO] PluginManager:220 - loadIPPluginJar : add nvic
2023-04-02 11:52:26,906 [INFO] IPUIPlugin:80 - create IPUIPlugin
2023-04-02 11:52:26,906 [INFO] PluginManager:220 - loadIPPluginJar : add cryp
2023-04-02 11:52:26,907 [INFO] IPUIPlugin:80 - create IPUIPlugin
2023-04-02 11:52:26,907 [INFO] PluginManager:220 - loadIPPluginJar : add opamp
2023-04-02 11:52:26,911 [INFO] IPUIPlugin:80 - create IPUIPlugin
2023-04-02 11:52:26,911 [INFO] PluginManager:220 - loadIPPluginJar : add mdma
2023-04-02 11:52:26,912 [INFO] IPUIPlugin:80 - create IPUIPlugin
2023-04-02 11:52:26,913 [INFO] PluginManager:220 - loadIPPluginJar : add sai
2023-04-02 11:52:26,913 [INFO] IPUIPlugin:80 - create IPUIPlugin
2023-04-02 11:52:26,913 [INFO] PluginManager:220 - loadIPPluginJar : add comp
2023-04-02 11:52:26,915 [INFO] IPUIPlugin:80 - create IPUIPlugin
2023-04-02 11:52:26,915 [INFO] PluginManager:220 - loadIPPluginJar : add resmgrutility
2023-04-02 11:52:26,916 [INFO] IPUIPlugin:80 - create IPUIPlugin
2023-04-02 11:52:26,916 [INFO] PluginManager:220 - loadIPPluginJar : add dma3
2023-04-02 11:52:27,017 [INFO] CADModel:165 - CPN selected for project level
2023-04-02 11:52:27,017 [INFO] CADModel:114 - Register for checkConnection events
2023-04-02 11:52:27,017 [FATAL] Updater:308 - Updater called before beeing initialized
2023-04-02 11:52:27,017 [ERROR] CADModel:125 - Updater not yet initialized, retry later 
2023-04-02 11:52:27,102 [INFO] CADModel:165 - CPN selected for project level
2023-04-02 11:52:27,102 [INFO] CADModel:114 - Register for checkConnection events
2023-04-02 11:52:27,102 [FATAL] Updater:308 - Updater called before beeing initialized
2023-04-02 11:52:27,102 [ERROR] CADModel:125 - Updater not yet initialized, retry later 
2023-04-02 11:52:27,104 [FATAL] Updater:308 - Updater called before beeing initialized
2023-04-02 11:52:27,155 [FATAL] Updater:308 - Updater called before beeing initialized
2023-04-02 11:52:27,159 [INFO] DbMcusAds:53 - JSON generation date=Thu Sep 30 08:55:09 SAST 2021 (1632984909247)
2023-04-02 11:52:27,159 [FATAL] Updater:308 - Updater called before beeing initialized
2023-04-02 11:52:27,185 [WARN] DetailPanel:346 - Failed to get advertising image, set to default
2023-04-02 11:52:27,257 [FATAL] Updater:308 - Updater called before beeing initialized
2023-04-02 11:52:27,258 [FATAL] Updater:308 - Updater called before beeing initialized
2023-04-02 11:52:27,258 [FATAL] Updater:308 - Updater called before beeing initialized
2023-04-02 11:52:27,258 [WARN] DetailPanel:346 - Failed to get advertising image, set to default
2023-04-02 11:52:27,259 [FATAL] Updater:308 - Updater called before beeing initialized
2023-04-02 11:52:27,278 [ERROR] Updater:1120 - MainUpdater not yet initialized. External WinMGr cannot be set.
2023-04-02 11:52:27,279 [INFO] Updater:1056 - Updater Version found : 6.8.0
2023-04-02 11:52:27,291 [INFO] ApplicationProperties:184 - Using Application install path: /opt/st/stm32cubeide_1.10.1/plugins/com.st.stm32cube.common.mx_6.8.0.202302231600
2023-04-02 11:52:27,309 [INFO] MainUpdater:519 - Copy updater definitions from MX database
2023-04-02 11:52:28,127 [INFO] MainUpdater:2854 - connection check result : 10
2023-04-02 11:52:28,128 [INFO] MainUpdater:3548 - Updater definition file requires update
2023-04-02 11:52:28,129 [INFO] MainUpdater:283 - Updater Check For Update Now.
2023-04-02 11:52:28,130 [INFO] MicroXplorer:498 - Change Database Version : DB.6.0.80
2023-04-02 11:52:29,587 [WARN] MainUpdater:1187 - Updater busy. Cannot search thirdparties
2023-04-02 11:52:29,587 [INFO] ThirdPartyUpdaterWithRetryManager:96 - Updater plugin is busy. [1/15]
2023-04-02 11:52:30,879 [INFO] ServerAccessManage:473 - Download File updaters.zip
2023-04-02 11:52:30,967 [INFO] FileExtend:240 - Unzip File : updaters.zip
2023-04-02 11:52:30,968 [INFO] FileExtend:255 - Standard Zip Deflate
2023-04-02 11:52:31,639 [INFO] ServerAccessManage:473 - Download File PacksControlFlags.xml
2023-04-02 11:52:32,587 [WARN] MainUpdater:1187 - Updater busy. Cannot search thirdparties
2023-04-02 11:52:32,588 [INFO] ThirdPartyUpdaterWithRetryManager:96 - Updater plugin is busy. [2/15]
2023-04-02 11:52:32,707 [INFO] ServerAccessManage:473 - Download File cubemx.pidx
2023-04-02 11:52:33,455 [INFO] ServerAccessManage:473 - Download File STMicroelectronics.X-CUBE-AI.pdsc
2023-04-02 11:52:35,588 [WARN] MainUpdater:1187 - Updater busy. Cannot search thirdparties
2023-04-02 11:52:35,588 [INFO] ThirdPartyUpdaterWithRetryManager:96 - Updater plugin is busy. [3/15]
2023-04-02 11:52:38,468 [INFO] ServerAccessManage:473 - Download File STMicroelectronics.X-CUBE-BLE1.pdsc
2023-04-02 11:52:38,588 [WARN] MainUpdater:1187 - Updater busy. Cannot search thirdparties
2023-04-02 11:52:38,588 [INFO] ThirdPartyUpdaterWithRetryManager:96 - Updater plugin is busy. [4/15]
2023-04-02 11:52:41,589 [WARN] MainUpdater:1187 - Updater busy. Cannot search thirdparties
2023-04-02 11:52:41,589 [INFO] ThirdPartyUpdaterWithRetryManager:96 - Updater plugin is busy. [5/15]
2023-04-02 11:52:42,415 [ERROR] ServerAccessManage:1089 - Problem, file not found on Server
2023-04-02 11:52:43,034 [INFO] ServerAccessManage:473 - Download File STMicroelectronics.X-CUBE-BLEMGR.pdsc
2023-04-02 11:52:44,589 [WARN] MainUpdater:1187 - Updater busy. Cannot search thirdparties
2023-04-02 11:52:44,589 [INFO] ThirdPartyUpdaterWithRetryManager:96 - Updater plugin is busy. [6/15]
2023-04-02 11:52:45,046 [INFO] ServerAccessManage:473 - Download File STMicroelectronics.X-CUBE-DISPLAY.pdsc
2023-04-02 11:52:47,307 [INFO] ServerAccessManage:473 - Download File STMicroelectronics.X-CUBE-EEPRMA1.pdsc
2023-04-02 11:52:47,590 [WARN] MainUpdater:1187 - Updater busy. Cannot search thirdparties
2023-04-02 11:52:47,590 [INFO] ThirdPartyUpdaterWithRetryManager:96 - Updater plugin is busy. [7/15]
2023-04-02 11:52:47,897 [ERROR] ServerAccessManage:1089 - Problem, file not found on Server
2023-04-02 11:52:48,146 [INFO] MainUpdater:2854 - connection check result : 10
2023-04-02 11:52:49,333 [INFO] ServerAccessManage:473 - Download File STMicroelectronics.X-CUBE-FREERTOS.pdsc
2023-04-02 11:52:50,017 [INFO] ServerAccessManage:473 - Download File STMicroelectronics.X-CUBE-MEMS1.pdsc
2023-04-02 11:52:50,590 [WARN] MainUpdater:1187 - Updater busy. Cannot search thirdparties
2023-04-02 11:52:50,591 [INFO] ThirdPartyUpdaterWithRetryManager:96 - Updater plugin is busy. [8/15]
2023-04-02 11:52:53,591 [WARN] MainUpdater:1187 - Updater busy. Cannot search thirdparties
2023-04-02 11:52:53,591 [INFO] ThirdPartyUpdaterWithRetryManager:96 - Updater plugin is busy. [9/15]
2023-04-02 11:52:56,537 [INFO] ServerAccessManage:473 - Download File STMicroelectronics.X-CUBE-NFC4.pdsc
2023-04-02 11:52:56,591 [WARN] MainUpdater:1187 - Updater busy. Cannot search thirdparties
2023-04-02 11:52:56,592 [INFO] ThirdPartyUpdaterWithRetryManager:96 - Updater plugin is busy. [10/15]
2023-04-02 11:52:59,592 [WARN] MainUpdater:1187 - Updater busy. Cannot search thirdparties
2023-04-02 11:52:59,592 [INFO] ThirdPartyUpdaterWithRetryManager:96 - Updater plugin is busy. [11/15]
2023-04-02 11:53:00,774 [INFO] ServerAccessManage:473 - Download File STMicroelectronics.X-CUBE-TOF1.pdsc
2023-04-02 11:53:02,592 [WARN] MainUpdater:1187 - Updater busy. Cannot search thirdparties
2023-04-02 11:53:02,593 [INFO] ThirdPartyUpdaterWithRetryManager:96 - Updater plugin is busy. [12/15]
2023-04-02 11:53:02,767 [ERROR] ServerAccessManage:1089 - Problem, file not found on Server
2023-04-02 11:53:03,539 [INFO] ServerAccessManage:473 - Download File STMicroelectronics.X-CUBE-TOUCHGFX.pdsc
2023-04-02 11:53:05,593 [WARN] MainUpdater:1187 - Updater busy. Cannot search thirdparties
2023-04-02 11:53:05,593 [INFO] ThirdPartyUpdaterWithRetryManager:96 - Updater plugin is busy. [13/15]
2023-04-02 11:53:07,827 [INFO] ServerAccessManage:473 - Download File STMicroelectronics.X-CUBE-AZRTOS-H7.pdsc
2023-04-02 11:53:08,288 [INFO] ApiDb:581 - Connected to CubeFinder SQLite database (/home/leon/.stmcufinder/plugins/mcufinder/mcu/cube-finder-db.db)
2023-04-02 11:53:08,312 [INFO] ApiDb:668 - CubeFinder database Data Model version=2.1
2023-04-02 11:53:08,313 [INFO] ApiDb:669 - CubeFinder database Configuration version=3.0.35
2023-04-02 11:53:08,313 [INFO] ApiDb:670 - CubeFinder database generation date=2023-02-21 (1676964986)
2023-04-02 11:53:08,313 [INFO] ApiDb:671 - CubeFinder database FW Pack versions=[FP-ATR-ASTRA1_V1.1.1, STM32Cube_FW_C0_V1.0.1, STM32Cube_FW_F0_V1.11.4, STM32Cube_FW_F3_V1.11.4, STM32Cube_FW_F4_V1.27.1, STM32Cube_FW_F7_V1.17.0, STM32Cube_FW_G0_V1.6.1, STM32Cube_FW_G4_V1.5.1, STM32Cube_FW_H5_V0.5.1, STM32Cube_FW_H5_V1.0.0, STM32Cube_FW_H7_V1.11.0, STM32Cube_FW_L0_V1.12.2, STM32Cube_FW_L5_V1.5.0, STM32Cube_FW_U5_V1.2.0, STM32Cube_FW_WBA_V1.0.0, STM32Cube_FW_WBA_V1.0.0RC1, STM32Cube_FW_WBA_V1.0.0RC3, STM32Cube_FW_WB_V1.15.0RC1, STM32Cube_FW_WB_V1.16.0, STM32Cube_FW_WB_V1.16.0RC2, STM32Cube_FW_WL_V1.3.0, X-CUBE-ALGOBUILD_V1.3.0, X-CUBE-ALS_V1.0.1, X-CUBE-AZRTOS-F4_V1.1.0, X-CUBE-AZRTOS-F7_V1.1.0, X-CUBE-AZRTOS-G0_V1.1.0, X-CUBE-AZRTOS-G4_V1.0.0, X-CUBE-AZRTOS-H7_V3.0.0, X-CUBE-AZRTOS-L4_V1.0.0, X-CUBE-AZRTOS-L5_V1.1.0, X-CUBE-AZRTOS-WB_V1.1.0, X-CUBE-AZRTOS-WL_V1.0.0, X-CUBE-BLE1_V6.2.4, X-CUBE-BLE2_V3.3.0, X-CUBE-BLEMGR_V1.3.0, X-CUBE-EEPRMA1_V4.1.0, X-CUBE-GNSS1_V6.0.0, X-CUBE-MEMS1_V9.1.0, X-CUBE-MEMS1_V9.4.0, X-CUBE-MEMS1_V9.5.0, X-CUBE-NFC4_V3.0.0, X-CUBE-NFC7_V1.0.0, X-CUBE-SFXS2LP1_V4.0.0, X-CUBE-SUBG2_V5.0.0]
2023-04-02 11:53:08,351 [INFO] DbBoardsSqlite:226 - include board P-NUCLEO-WB55-NUCLEO as a kit item of type 'Nucleo-64'
2023-04-02 11:53:08,352 [INFO] DbBoardsSqlite:226 - include board P-NUCLEO-WB55-USBDONGLE as a kit item of type 'Nucleo USB Dongle'
2023-04-02 11:53:08,352 [INFO] DbBoardsSqlite:226 - include board STEVAL-IDP005V1 as a kit item of type 'Evaluation Board'
2023-04-02 11:53:08,352 [INFO] DbBoardsSqlite:226 - include board STEVAL-IDP005V2 as a kit item of type 'Evaluation Board'
2023-04-02 11:53:08,370 [INFO] ApiDb:240 - Found 297 in-development CPN: [B-G473E-ZEST1S, B-WB1M-WPAN1, B-WL5M-SUBG1, NUCLEO-C031C6, NUCLEO-H503RB, NUCLEO-H563ZI, NUCLEO-U545RE-Q, NUCLEO-U5A5ZJ-Q, NUCLEO-WBA52CG, STEVAL-PROTEUS1, STEVAL-STWINBX1, STM320518-EVAL, STM32C0116-DK, STM32C011D6Y3TR, STM32C011D6Y6TR, STM32C011F4P3, STM32C011F4P6, STM32C011F4U3, STM32C011F4U6TR, STM32C011F6P3, STM32C011F6P6, STM32C011F6U3, STM32C011F6U6TR, STM32C011J4M3, STM32C011J4M6, STM32C011J6M3, STM32C011J6M6, STM32C0316-DK, STM32C031C4T3, STM32C031C4T6, STM32C031C4U3, STM32C031C4U6, STM32C031C6T3, STM32C031C6T6, STM32C031C6U3, STM32C031C6U6, STM32C031F4P3, STM32C031F4P6, STM32C031F6P3, STM32C031F6P6, STM32C031G4U3, STM32C031G4U6, STM32C031G6U3, STM32C031G6U6, STM32C031K4T3, STM32C031K4T6, STM32C031K4U3, STM32C031K4U6, STM32C031K6T3, STM32C031K6T6, STM32C031K6U3, STM32C031K6U6, STM32G071K8TXN, STM32G071K8UXN, STM32G081GBU6N, STM32G081KBT6N, STM32G081KBUXN, STM32G0B1CCT6N, STM32G0B1KCT6, STM32G0B1NEY6TR, STM32G0B1RCT6N, STM32G0C1CCT6, STM32G0C1CCT6N, STM32G0C1CCU6N, STM32G0C1CET6N, STM32G0C1CEU6N, STM32G0C1KCT6, STM32G0C1NEY6TR, STM32G0C1RCI6N, STM32G0C1RCT6N, STM32G0C1REI6N, STM32G0C1RET6N, STM32G0C1VCI6, STM32G0C1VEI6, STM32G471CCT6, STM32G471CCU6, STM32G471CET3, STM32G471CET6, STM32G471CEU3, STM32G471CEU6, STM32G471MCT6, STM32G471MET3, STM32G471MET6, STM32G471MEY6TR, STM32G471QCT6, STM32G471QET3, STM32G471RCT6, STM32G471RET3, STM32G471RET6, STM32G471VCH6, STM32G471VCI6, STM32G471VCT6, STM32G471VEH3, STM32G471VEH6, STM32G471VEI3, STM32G471VEI6, STM32G471VET3, STM32G471VET6, STM32G474CCT6, STM32H503CBT6, STM32H503CBU6, STM32H503EBY6TR, STM32H503KBU6, STM32H503RBT6, STM32H562AGI6, STM32H562AII6, STM32H562IGK6, STM32H562IGT6, STM32H562IIK6, STM32H562IIT6, STM32H562RGT6, STM32H562RGV6, STM32H562RIT6, STM32H562RIV6, STM32H562VGT6, STM32H562VIT6, STM32H562ZGT6, STM32H562ZIT6, STM32H563AGI6, STM32H563AII3Q, STM32H563AII6, STM32H563IGK6, STM32H563IGT6, STM32H563IIK3Q, STM32H563IIK6, STM32H563IIT3Q, STM32H563IIT6, STM32H563MIY3QTR, STM32H563RGT6, STM32H563RGV6, STM32H563RIT6, STM32H563RIV6, STM32H563VGT6, STM32H563VIT3Q, STM32H563VIT6, STM32H563ZGT6, STM32H563ZIT3Q, STM32H563ZIT6, STM32H573AII3Q, STM32H573AII6, STM32H573I-DK, STM32H573IIK3Q, STM32H573IIK6, STM32H573IIT3Q, STM32H573IIT6, STM32H573MIY3QTR, STM32H573RIT6, STM32H573RIV6, STM32H573VIT3Q, STM32H573VIT6, STM32H573ZIT3Q, STM32H573ZIT6, STM32L4R5QGI6STR, STM32MP131AAE3, STM32MP131AAF3, STM32MP131AAG3, STM32MP131CAE3, STM32MP131CAF3, STM32MP131CAG3, STM32MP131DAE7, STM32MP131DAF7, STM32MP131DAG7, STM32MP131FAE7, STM32MP131FAF7, STM32MP131FAG7, STM32MP133AAE3, STM32MP133AAF3, STM32MP133AAG3, STM32MP133CAE3, STM32MP133CAF3, STM32MP133CAG3, STM32MP133DAE7, STM32MP133DAF7, STM32MP133DAG7, STM32MP133FAE7, STM32MP133FAF7, STM32MP133FAG7, STM32MP135AAE3, STM32MP135AAF3, STM32MP135AAG3, STM32MP135CAE3, STM32MP135CAF3, STM32MP135CAG3, STM32MP135DAE7, STM32MP135DAF7, STM32MP135DAG7, STM32MP135F-DK, STM32MP135FAE7, STM32MP135FAF7, STM32MP135FAF7T, STM32MP135FAF7U, STM32MP135FAG7, STM32U535CBT6, STM32U535CBT6Q, STM32U535CBU6, STM32U535CBU6Q, STM32U535CCT6, STM32U535CCT6Q, STM32U535CCU6, STM32U535CCU6Q, STM32U535CET6, STM32U535CET6Q, STM32U535CEU6, STM32U535CEU6Q, STM32U535JEY6QTR, STM32U535NCY6QTR, STM32U535NEY6QTR, STM32U535RBI6, STM32U535RBI6Q, STM32U535RBT6, STM32U535RBT6Q, STM32U535RCI6, STM32U535RCI6Q, STM32U535RCT6, STM32U535RCT6Q, STM32U535REI6, STM32U535REI6Q, STM32U535RET6, STM32U535RET6Q, STM32U535VCI6, STM32U535VCI6Q, STM32U535VCT6, STM32U535VCT6Q, STM32U535VEI6, STM32U535VEI6Q, STM32U535VET6, STM32U535VET6Q, STM32U545CET6, STM32U545CET6Q, STM32U545CEU6, STM32U545CEU6Q, STM32U545JEY6QTR, STM32U545NEY6QTR, STM32U545REI6, STM32U545REI6Q, STM32U545RET6, STM32U545RET6Q, STM32U545VEI6, STM32U545VEI6Q, STM32U545VET6, STM32U545VET6Q, STM32U595AIH6, STM32U595AIH6Q, STM32U595AJH6, STM32U595AJH6Q, STM32U595QII6, STM32U595QII6Q, STM32U595QJI6, STM32U595QJI6Q, STM32U595RIT6, STM32U595RIT6Q, STM32U595RJT6, STM32U595RJT6Q, STM32U595VIT6, STM32U595VIT6Q, STM32U595VJT6, STM32U595VJT6Q, STM32U595ZIT6, STM32U595ZIT6Q, STM32U595ZIY6QTR, STM32U595ZJT6, STM32U595ZJT6Q, STM32U595ZJY6QTR, STM32U599BJY6QTR, STM32U599NIH6Q, STM32U599NJH6Q, STM32U599VIT6Q, STM32U599VJT6, STM32U599VJT6Q, STM32U599ZIT6Q, STM32U599ZIY6QTR, STM32U599ZJT6Q, STM32U599ZJY6QTR, STM32U5A5AJH6, STM32U5A5AJH6Q, STM32U5A5QJI6, STM32U5A5QJI6Q, STM32U5A5RJT6, STM32U5A5RJT6Q, STM32U5A5VJT6, STM32U5A5VJT6Q, STM32U5A5ZJT6, STM32U5A5ZJT6Q, STM32U5A5ZJY6QTR, STM32U5A9BJY6QTR, STM32U5A9J-DK, STM32U5A9NJH6Q, STM32U5A9VJT6Q, STM32U5A9ZJT6Q, STM32U5A9ZJY6QTR, STM32WB1MMCH6, STM32WBA52CEU6, STM32WBA52CEU6T, STM32WBA52CGU6, STM32WBA52CGU6T, STM32WL5MOCH6, STM32WL5MOCH6TR]
2023-04-02 11:53:08,425 [INFO] BoardInfo:880 - No configuration file found for board P-NUCLEO-WB55
2023-04-02 11:53:08,425 [INFO] DbBoards:157 - Kit is not supported: P-NUCLEO-WB55
2023-04-02 11:53:08,427 [INFO] BoardInfo:880 - No configuration file found for board STEVAL-BFA001V1B
2023-04-02 11:53:08,427 [INFO] DbBoards:157 - Kit is not supported: STEVAL-BFA001V1B
2023-04-02 11:53:08,428 [INFO] BoardInfo:880 - No configuration file found for board STEVAL-BFA001V2B
2023-04-02 11:53:08,428 [INFO] DbBoards:157 - Kit is not supported: STEVAL-BFA001V2B
2023-04-02 11:53:08,472 [INFO] DbBoards:161 - Found 187 boards, 184 are supported
2023-04-02 11:53:08,475 [INFO] ApiDb:668 - CubeFinder database Data Model version=2.1
2023-04-02 11:53:08,475 [INFO] ApiDb:669 - CubeFinder database Configuration version=3.0.35
2023-04-02 11:53:08,475 [INFO] ApiDb:670 - CubeFinder database generation date=2023-02-21 (1676964986)
2023-04-02 11:53:08,475 [INFO] ApiDb:671 - CubeFinder database FW Pack versions=[FP-ATR-ASTRA1_V1.1.1, STM32Cube_FW_C0_V1.0.1, STM32Cube_FW_F0_V1.11.4, STM32Cube_FW_F3_V1.11.4, STM32Cube_FW_F4_V1.27.1, STM32Cube_FW_F7_V1.17.0, STM32Cube_FW_G0_V1.6.1, STM32Cube_FW_G4_V1.5.1, STM32Cube_FW_H5_V0.5.1, STM32Cube_FW_H5_V1.0.0, STM32Cube_FW_H7_V1.11.0, STM32Cube_FW_L0_V1.12.2, STM32Cube_FW_L5_V1.5.0, STM32Cube_FW_U5_V1.2.0, STM32Cube_FW_WBA_V1.0.0, STM32Cube_FW_WBA_V1.0.0RC1, STM32Cube_FW_WBA_V1.0.0RC3, STM32Cube_FW_WB_V1.15.0RC1, STM32Cube_FW_WB_V1.16.0, STM32Cube_FW_WB_V1.16.0RC2, STM32Cube_FW_WL_V1.3.0, X-CUBE-ALGOBUILD_V1.3.0, X-CUBE-ALS_V1.0.1, X-CUBE-AZRTOS-F4_V1.1.0, X-CUBE-AZRTOS-F7_V1.1.0, X-CUBE-AZRTOS-G0_V1.1.0, X-CUBE-AZRTOS-G4_V1.0.0, X-CUBE-AZRTOS-H7_V3.0.0, X-CUBE-AZRTOS-L4_V1.0.0, X-CUBE-AZRTOS-L5_V1.1.0, X-CUBE-AZRTOS-WB_V1.1.0, X-CUBE-AZRTOS-WL_V1.0.0, X-CUBE-BLE1_V6.2.4, X-CUBE-BLE2_V3.3.0, X-CUBE-BLEMGR_V1.3.0, X-CUBE-EEPRMA1_V4.1.0, X-CUBE-GNSS1_V6.0.0, X-CUBE-MEMS1_V9.1.0, X-CUBE-MEMS1_V9.4.0, X-CUBE-MEMS1_V9.5.0, X-CUBE-NFC4_V3.0.0, X-CUBE-NFC7_V1.0.0, X-CUBE-SFXS2LP1_V4.0.0, X-CUBE-SUBG2_V5.0.0]
2023-04-02 11:53:08,593 [WARN] MainUpdater:1187 - Updater busy. Cannot search thirdparties
2023-04-02 11:53:08,594 [INFO] ThirdPartyUpdaterWithRetryManager:96 - Updater plugin is busy. [14/15]
2023-04-02 11:53:09,718 [INFO] ApiDb:240 - Found 297 in-development CPN: [B-G473E-ZEST1S, B-WB1M-WPAN1, B-WL5M-SUBG1, NUCLEO-C031C6, NUCLEO-H503RB, NUCLEO-H563ZI, NUCLEO-U545RE-Q, NUCLEO-U5A5ZJ-Q, NUCLEO-WBA52CG, STEVAL-PROTEUS1, STEVAL-STWINBX1, STM320518-EVAL, STM32C0116-DK, STM32C011D6Y3TR, STM32C011D6Y6TR, STM32C011F4P3, STM32C011F4P6, STM32C011F4U3, STM32C011F4U6TR, STM32C011F6P3, STM32C011F6P6, STM32C011F6U3, STM32C011F6U6TR, STM32C011J4M3, STM32C011J4M6, STM32C011J6M3, STM32C011J6M6, STM32C0316-DK, STM32C031C4T3, STM32C031C4T6, STM32C031C4U3, STM32C031C4U6, STM32C031C6T3, STM32C031C6T6, STM32C031C6U3, STM32C031C6U6, STM32C031F4P3, STM32C031F4P6, STM32C031F6P3, STM32C031F6P6, STM32C031G4U3, STM32C031G4U6, STM32C031G6U3, STM32C031G6U6, STM32C031K4T3, STM32C031K4T6, STM32C031K4U3, STM32C031K4U6, STM32C031K6T3, STM32C031K6T6, STM32C031K6U3, STM32C031K6U6, STM32G071K8TXN, STM32G071K8UXN, STM32G081GBU6N, STM32G081KBT6N, STM32G081KBUXN, STM32G0B1CCT6N, STM32G0B1KCT6, STM32G0B1NEY6TR, STM32G0B1RCT6N, STM32G0C1CCT6, STM32G0C1CCT6N, STM32G0C1CCU6N, STM32G0C1CET6N, STM32G0C1CEU6N, STM32G0C1KCT6, STM32G0C1NEY6TR, STM32G0C1RCI6N, STM32G0C1RCT6N, STM32G0C1REI6N, STM32G0C1RET6N, STM32G0C1VCI6, STM32G0C1VEI6, STM32G471CCT6, STM32G471CCU6, STM32G471CET3, STM32G471CET6, STM32G471CEU3, STM32G471CEU6, STM32G471MCT6, STM32G471MET3, STM32G471MET6, STM32G471MEY6TR, STM32G471QCT6, STM32G471QET3, STM32G471RCT6, STM32G471RET3, STM32G471RET6, STM32G471VCH6, STM32G471VCI6, STM32G471VCT6, STM32G471VEH3, STM32G471VEH6, STM32G471VEI3, STM32G471VEI6, STM32G471VET3, STM32G471VET6, STM32G474CCT6, STM32H503CBT6, STM32H503CBU6, STM32H503EBY6TR, STM32H503KBU6, STM32H503RBT6, STM32H562AGI6, STM32H562AII6, STM32H562IGK6, STM32H562IGT6, STM32H562IIK6, STM32H562IIT6, STM32H562RGT6, STM32H562RGV6, STM32H562RIT6, STM32H562RIV6, STM32H562VGT6, STM32H562VIT6, STM32H562ZGT6, STM32H562ZIT6, STM32H563AGI6, STM32H563AII3Q, STM32H563AII6, STM32H563IGK6, STM32H563IGT6, STM32H563IIK3Q, STM32H563IIK6, STM32H563IIT3Q, STM32H563IIT6, STM32H563MIY3QTR, STM32H563RGT6, STM32H563RGV6, STM32H563RIT6, STM32H563RIV6, STM32H563VGT6, STM32H563VIT3Q, STM32H563VIT6, STM32H563ZGT6, STM32H563ZIT3Q, STM32H563ZIT6, STM32H573AII3Q, STM32H573AII6, STM32H573I-DK, STM32H573IIK3Q, STM32H573IIK6, STM32H573IIT3Q, STM32H573IIT6, STM32H573MIY3QTR, STM32H573RIT6, STM32H573RIV6, STM32H573VIT3Q, STM32H573VIT6, STM32H573ZIT3Q, STM32H573ZIT6, STM32L4R5QGI6STR, STM32MP131AAE3, STM32MP131AAF3, STM32MP131AAG3, STM32MP131CAE3, STM32MP131CAF3, STM32MP131CAG3, STM32MP131DAE7, STM32MP131DAF7, STM32MP131DAG7, STM32MP131FAE7, STM32MP131FAF7, STM32MP131FAG7, STM32MP133AAE3, STM32MP133AAF3, STM32MP133AAG3, STM32MP133CAE3, STM32MP133CAF3, STM32MP133CAG3, STM32MP133DAE7, STM32MP133DAF7, STM32MP133DAG7, STM32MP133FAE7, STM32MP133FAF7, STM32MP133FAG7, STM32MP135AAE3, STM32MP135AAF3, STM32MP135AAG3, STM32MP135CAE3, STM32MP135CAF3, STM32MP135CAG3, STM32MP135DAE7, STM32MP135DAF7, STM32MP135DAG7, STM32MP135F-DK, STM32MP135FAE7, STM32MP135FAF7, STM32MP135FAF7T, STM32MP135FAF7U, STM32MP135FAG7, STM32U535CBT6, STM32U535CBT6Q, STM32U535CBU6, STM32U535CBU6Q, STM32U535CCT6, STM32U535CCT6Q, STM32U535CCU6, STM32U535CCU6Q, STM32U535CET6, STM32U535CET6Q, STM32U535CEU6, STM32U535CEU6Q, STM32U535JEY6QTR, STM32U535NCY6QTR, STM32U535NEY6QTR, STM32U535RBI6, STM32U535RBI6Q, STM32U535RBT6, STM32U535RBT6Q, STM32U535RCI6, STM32U535RCI6Q, STM32U535RCT6, STM32U535RCT6Q, STM32U535REI6, STM32U535REI6Q, STM32U535RET6, STM32U535RET6Q, STM32U535VCI6, STM32U535VCI6Q, STM32U535VCT6, STM32U535VCT6Q, STM32U535VEI6, STM32U535VEI6Q, STM32U535VET6, STM32U535VET6Q, STM32U545CET6, STM32U545CET6Q, STM32U545CEU6, STM32U545CEU6Q, STM32U545JEY6QTR, STM32U545NEY6QTR, STM32U545REI6, STM32U545REI6Q, STM32U545RET6, STM32U545RET6Q, STM32U545VEI6, STM32U545VEI6Q, STM32U545VET6, STM32U545VET6Q, STM32U595AIH6, STM32U595AIH6Q, STM32U595AJH6, STM32U595AJH6Q, STM32U595QII6, STM32U595QII6Q, STM32U595QJI6, STM32U595QJI6Q, STM32U595RIT6, STM32U595RIT6Q, STM32U595RJT6, STM32U595RJT6Q, STM32U595VIT6, STM32U595VIT6Q, STM32U595VJT6, STM32U595VJT6Q, STM32U595ZIT6, STM32U595ZIT6Q, STM32U595ZIY6QTR, STM32U595ZJT6, STM32U595ZJT6Q, STM32U595ZJY6QTR, STM32U599BJY6QTR, STM32U599NIH6Q, STM32U599NJH6Q, STM32U599VIT6Q, STM32U599VJT6, STM32U599VJT6Q, STM32U599ZIT6Q, STM32U599ZIY6QTR, STM32U599ZJT6Q, STM32U599ZJY6QTR, STM32U5A5AJH6, STM32U5A5AJH6Q, STM32U5A5QJI6, STM32U5A5QJI6Q, STM32U5A5RJT6, STM32U5A5RJT6Q, STM32U5A5VJT6, STM32U5A5VJT6Q, STM32U5A5ZJT6, STM32U5A5ZJT6Q, STM32U5A5ZJY6QTR, STM32U5A9BJY6QTR, STM32U5A9J-DK, STM32U5A9NJH6Q, STM32U5A9VJT6Q, STM32U5A9ZJT6Q, STM32U5A9ZJY6QTR, STM32WB1MMCH6, STM32WBA52CEU6, STM32WBA52CEU6T, STM32WBA52CGU6, STM32WBA52CGU6T, STM32WL5MOCH6, STM32WL5MOCH6TR]
2023-04-02 11:53:09,720 [INFO] DbMcus:216 - Found 3772 MCUs, 3772 are supported
2023-04-02 11:53:09,723 [INFO] ApiDb:423 - Load user favorites file /home/leon/.stm32cubeide/favorites.mcus.txt: 0 item(s)
2023-04-02 11:53:09,723 [INFO] ApiDb:427 - User favorites MCUs=[]
2023-04-02 11:53:09,723 [INFO] DbMcus:222 - Set 0 / 0 favorites MCUs
2023-04-02 11:53:09,767 [INFO] ServerAccessManage:473 - Download File STMicroelectronics.X-CUBE-AZRTOS-L5.pdsc
2023-04-02 11:53:09,892 [INFO] ApiDb:414 - User favorites file not found: /home/leon/.stm32cubeide/favorites.boards.txt
2023-04-02 11:53:09,892 [INFO] DbBoards:190 - Set 0 / 0 favorites Boards
2023-04-02 11:53:09,893 [INFO] McuFinderGlobals:66 - Set McuFinderConnectedMode to true
2023-04-02 11:53:09,897 [INFO] MultiScanPanel:200 - Auto-refresh data requested => check proxy status ongoing
2023-04-02 11:53:09,898 [INFO] FinderPluginLoader:95 - Searching for filters in installed packs
2023-04-02 11:53:10,614 [INFO] ServerAccessManage:473 - Download File STMicroelectronics.X-CUBE-AZRTOS-WB.pdsc
2023-04-02 11:53:10,644 [ERROR] WebUtils:388 - Updater is busy
2023-04-02 11:53:10,644 [WARN] DetailPanel:346 - Failed to get advertising image, set to default
2023-04-02 11:53:11,594 [WARN] MainUpdater:1187 - Updater busy. Cannot search thirdparties
2023-04-02 11:53:11,594 [INFO] ThirdPartyUpdaterWithRetryManager:96 - Updater plugin is busy. [15/15]
2023-04-02 11:53:11,594 [ERROR] IntegrityCheckThread:130 - Cannot retrieve database content from updater: error -1
2023-04-02 11:53:11,595 [INFO] ThirdParty:978 - Integrity check success = false
2023-04-02 11:53:11,595 [INFO] IntegrityCheckThread:100 - exiting critical section [integrity check]
2023-04-02 11:53:11,595 [INFO] IntegrityCheckThread:103 - End integrity checks thread
2023-04-02 11:53:11,960 [INFO] ServerAccessManage:473 - Download File SEGGER.I-CUBE-embOS.pdsc
2023-04-02 11:53:15,182 [INFO] ServerAccessManage:473 - Download File WES.I-CUBE-Cesium.pdsc
2023-04-02 11:53:18,224 [ERROR] ServerAccessManage:1089 - Problem, file not found on Server
2023-04-02 11:53:19,243 [ERROR] ServerAccessManage:1089 - Problem, file not found on Server
2023-04-02 11:53:19,320 [WARN] PackLoader:240 - Cannot read IP mode file for STMicroelectronics.X-CUBE-AI.8.0.0
2023-04-02 11:53:19,325 [WARN] PackLoader:240 - Cannot read IP mode file for STMicroelectronics.X-CUBE-BLE1.6.2.4
2023-04-02 11:53:19,331 [WARN] PackLoader:240 - Cannot read IP mode file for STMicroelectronics.X-CUBE-BLEMGR.2.0.0
2023-04-02 11:53:19,342 [WARN] PackLoader:240 - Cannot read IP mode file for STMicroelectronics.X-CUBE-DISPLAY.3.0.0
2023-04-02 11:53:19,350 [WARN] PackLoader:240 - Cannot read IP mode file for STMicroelectronics.X-CUBE-EEPRMA1.4.1.0
2023-04-02 11:53:19,356 [WARN] PackLoader:240 - Cannot read IP mode file for STMicroelectronics.X-CUBE-FREERTOS.1.0.0
2023-04-02 11:53:19,392 [WARN] PackLoader:240 - Cannot read IP mode file for STMicroelectronics.X-CUBE-MEMS1.9.5.0
2023-04-02 11:53:19,428 [INFO] CheckServerUpdateThread:120 - End of CheckServer Thread
2023-04-02 11:53:19,495 [WARN] PackLoader:240 - Cannot read IP mode file for STMicroelectronics.X-CUBE-NFC4.3.0.0
2023-04-02 11:53:19,501 [WARN] PackLoader:240 - Cannot read IP mode file for STMicroelectronics.X-CUBE-TOF1.3.3.0
2023-04-02 11:53:19,507 [WARN] PackLoader:240 - Cannot read IP mode file for STMicroelectronics.X-CUBE-TOUCHGFX.4.21.3
2023-04-02 11:53:19,517 [WARN] PackLoader:240 - Cannot read IP mode file for STMicroelectronics.X-CUBE-AZRTOS-H7.3.0.0
2023-04-02 11:53:19,525 [WARN] PackLoader:240 - Cannot read IP mode file for STMicroelectronics.X-CUBE-AZRTOS-L5.1.1.0
2023-04-02 11:53:19,533 [WARN] PackLoader:240 - Cannot read IP mode file for STMicroelectronics.X-CUBE-AZRTOS-WB.1.1.0
2023-04-02 11:53:19,549 [WARN] PackLoader:240 - Cannot read IP mode file for SEGGER.I-CUBE-embOS.1.3.1
2023-04-02 11:53:19,576 [WARN] PackLoader:240 - Cannot read IP mode file for WES.I-CUBE-Cesium.1.3.0
2023-04-02 11:53:19,577 [INFO] PopulateThirdPartyThread:66 - Ending populate Thread
2023-04-02 11:53:19,579 [INFO] ThirdParty:1030 - CMSIS Pack Vendor :STMicroelectronics X-CUBE-DISPLAY 3.0.0
2023-04-02 11:53:19,579 [INFO] ThirdParty:1030 - CMSIS Pack Vendor :STMicroelectronics X-CUBE-AZRTOS-WB 1.1.0
2023-04-02 11:53:19,579 [INFO] ThirdParty:1030 - CMSIS Pack Vendor :SEGGER I-CUBE-embOS 1.3.1
2023-04-02 11:53:19,579 [INFO] ThirdParty:1030 - CMSIS Pack Vendor :STMicroelectronics X-CUBE-BLE1 6.2.4
2023-04-02 11:53:19,579 [INFO] ThirdParty:1030 - CMSIS Pack Vendor :STMicroelectronics X-CUBE-AZRTOS-L5 1.1.0
2023-04-02 11:53:19,579 [INFO] ThirdParty:1030 - CMSIS Pack Vendor :STMicroelectronics X-CUBE-BLEMGR 2.0.0
2023-04-02 11:53:19,579 [INFO] ThirdParty:1030 - CMSIS Pack Vendor :STMicroelectronics X-CUBE-NFC4 3.0.0
2023-04-02 11:53:19,579 [INFO] ThirdParty:1030 - CMSIS Pack Vendor :STMicroelectronics X-CUBE-AI 8.0.0
2023-04-02 11:53:19,579 [INFO] ThirdParty:1030 - CMSIS Pack Vendor :STMicroelectronics X-CUBE-FREERTOS 1.0.0
2023-04-02 11:53:19,579 [INFO] ThirdParty:1030 - CMSIS Pack Vendor :WES I-CUBE-Cesium 1.3.0
2023-04-02 11:53:19,579 [INFO] ThirdParty:1030 - CMSIS Pack Vendor :STMicroelectronics X-CUBE-TOUCHGFX 4.21.3
2023-04-02 11:53:19,579 [INFO] ThirdParty:1030 - CMSIS Pack Vendor :STMicroelectronics X-CUBE-EEPRMA1 4.1.0
2023-04-02 11:53:19,579 [INFO] ThirdParty:1030 - CMSIS Pack Vendor :STMicroelectronics X-CUBE-TOF1 3.3.0
2023-04-02 11:53:19,579 [INFO] ThirdParty:1030 - CMSIS Pack Vendor :STMicroelectronics X-CUBE-AZRTOS-H7 3.0.0
2023-04-02 11:53:19,579 [INFO] ThirdParty:1030 - CMSIS Pack Vendor :STMicroelectronics X-CUBE-MEMS1 9.5.0
2023-04-02 11:53:19,579 [INFO] LoadServerUpdatesThread:373 - End of LoadServerUpdate Thread
2023-04-02 11:56:00,732 [INFO] MainUpdater:2854 - connection check result : 10
2023-04-02 11:56:00,733 [INFO] MainUpdater:2854 - connection check result : 10
2023-04-02 11:56:00,741 [INFO] MicroXplorer:468 - Change Database Path : 
2023-04-02 11:56:00,741 [INFO] MicroXplorer:498 - Change Database Version : DB.6.0.80
2023-04-02 11:56:00,741 [WARN] ThirdParty:871 - waiting for thirdparty lock release [close project]
2023-04-02 11:56:00,741 [INFO] ThirdParty:873 - entering critical section [close project]
2023-04-02 11:56:00,742 [INFO] ThirdParty:883 - exiting critical section [close project]
2023-04-02 11:56:00,743 [INFO] PinOutPanel:1499 - setPackage(No Configuration,No Configuration)
2023-04-02 11:56:00,747 [INFO] UtilMem:75 - Begin LoadConfig() Used Memory: 553642816 Bytes (724566016)
2023-04-02 11:56:00,748 [INFO] MicroXplorer:468 - Change Database Path : 
2023-04-02 11:56:00,748 [INFO] MicroXplorer:498 - Change Database Version : DB.6.0.80
2023-04-02 11:56:00,748 [INFO] OpenFileManager:308 - Change cursor
2023-04-02 11:56:00,755 [WARN] IntegrityCheckThread:84 - waiting for thirdparty lock release [integrity check]
2023-04-02 11:56:00,755 [INFO] IntegrityCheckThread:86 - entering critical section [integrity check]
2023-04-02 11:56:00,805 [WARN] PackLoader:240 - Cannot read IP mode file for STMicroelectronics.X-CUBE-GNSS1.6.0.0
2023-04-02 11:56:00,809 [WARN] PackLoader:240 - Cannot read IP mode file for STMicroelectronics.X-CUBE-BLEMGR.1.2.0
2023-04-02 11:56:00,812 [WARN] PackLoader:240 - Cannot read IP mode file for STMicroelectronics.X-CUBE-BLE1.6.2.3
2023-04-02 11:56:00,814 [WARN] PackLoader:240 - Cannot read IP mode file for STMicroelectronics.X-CUBE-BLE1.6.2.4
2023-04-02 11:56:00,817 [WARN] PackLoader:240 - Cannot read IP mode file for emotas.I-CUBE-CANOPEN.1.1.3
2023-04-02 11:56:00,821 [WARN] PackLoader:240 - Cannot read IP mode file for STMicroelectronics.X-CUBE-BLEMGR.2.0.0
2023-04-02 11:56:00,824 [WARN] PackLoader:240 - Cannot read IP mode file for STMicroelectronics.X-CUBE-NFC4.2.0.4
2023-04-02 11:56:00,828 [WARN] PackLoader:240 - Cannot read IP mode file for STMicroelectronics.X-CUBE-TOF1.3.1.0
2023-04-02 11:56:00,833 [WARN] PackLoader:240 - Cannot read IP mode file for STMicroelectronics.X-CUBE-DISPLAY.3.0.0
2023-04-02 11:56:00,836 [WARN] PackLoader:240 - Cannot read IP mode file for STMicroelectronics.X-CUBE-NFC7.1.0.0
2023-04-02 11:56:00,855 [WARN] PackLoader:240 - Cannot read IP mode file for STMicroelectronics.X-CUBE-MEMS1.9.3.0
2023-04-02 11:56:00,909 [WARN] PackLoader:240 - Cannot read IP mode file for STMicroelectronics.X-CUBE-EEPRMA1.4.1.0
2023-04-02 11:56:00,911 [WARN] PackLoader:240 - Cannot read IP mode file for STMicroelectronics.X-CUBE-AI.7.2.0
2023-04-02 11:56:00,915 [WARN] PackLoader:240 - Cannot read IP mode file for WES.I-CUBE-Cesium.1.3.0
2023-04-02 11:56:00,917 [WARN] PackLoader:240 - Cannot read IP mode file for STMicroelectronics.X-CUBE-BLE2.3.3.0
2023-04-02 11:56:00,920 [WARN] PackLoader:240 - Cannot read IP mode file for STMicroelectronics.X-CUBE-DISPLAY.2.2.0
2023-04-02 11:56:00,926 [WARN] PackLoader:240 - Cannot read IP mode file for STMicroelectronics.X-CUBE-TOF1.3.2.0
2023-04-02 11:56:00,939 [WARN] PackLoader:240 - Cannot read IP mode file for STMicroelectronics.X-CUBE-AZRTOS-H7.3.0.0
2023-04-02 11:56:00,944 [WARN] PackLoader:240 - Cannot read IP mode file for STMicroelectronics.X-CUBE-ISPU.1.0.0
2023-04-02 11:56:00,946 [WARN] PackLoader:240 - Cannot read IP mode file for STMicroelectronics.X-CUBE-ISPU.1.1.0
2023-04-02 11:56:00,950 [WARN] PackLoader:240 - Cannot read IP mode file for RoweBots.I-CUBE-UNISONRTOS.5.5.0-4
2023-04-02 11:56:00,963 [WARN] PackLoader:240 - Cannot read IP mode file for STMicroelectronics.X-CUBE-AZRTOS-H7.2.1.0
2023-04-02 11:56:00,967 [WARN] PackLoader:240 - Cannot read IP mode file for STMicroelectronics.X-CUBE-AI.8.0.0
2023-04-02 11:56:00,969 [WARN] PackLoader:240 - Cannot read IP mode file for STMicroelectronics.X-CUBE-FREERTOS.1.0.0
2023-04-02 11:56:00,970 [WARN] PackLoader:240 - Cannot read IP mode file for STMicroelectronics.X-CUBE-TOUCHGFX.4.21.3
2023-04-02 11:56:00,973 [WARN] PackLoader:240 - Cannot read IP mode file for STMicroelectronics.X-CUBE-BLEMGR.1.0.0
2023-04-02 11:56:00,976 [WARN] PackLoader:240 - Cannot read IP mode file for STMicroelectronics.X-CUBE-AI.7.3.0
2023-04-02 11:56:00,978 [WARN] PackLoader:240 - Cannot read IP mode file for STMicroelectronics.X-CUBE-ALGOBUILD.1.3.0
2023-04-02 11:56:00,986 [WARN] PackLoader:240 - Cannot read IP mode file for STMicroelectronics.X-CUBE-AZRTOS-L5.1.1.0
2023-04-02 11:56:00,992 [WARN] PackLoader:240 - Cannot read IP mode file for STMicroelectronics.X-CUBE-SUBG2.5.0.0
2023-04-02 11:56:00,997 [WARN] PackLoader:240 - Cannot read IP mode file for STMicroelectronics.X-CUBE-NFC4.3.0.0
2023-04-02 11:56:01,024 [WARN] PackLoader:240 - Cannot read IP mode file for SEGGER.I-CUBE-embOS.1.2.0
2023-04-02 11:56:01,051 [WARN] PackLoader:240 - Cannot read IP mode file for STMicroelectronics.X-CUBE-TOF1.3.3.0
2023-04-02 11:56:01,067 [WARN] PackLoader:240 - Cannot read IP mode file for STMicroelectronics.X-CUBE-AZRTOS-G4.1.0.0
2023-04-02 11:56:01,071 [WARN] PackLoader:240 - Cannot read IP mode file for STMicroelectronics.FP-ATR-SIGFOX1.3.2.0
2023-04-02 11:56:01,079 [WARN] PackLoader:240 - Cannot read IP mode file for STMicroelectronics.X-CUBE-AZRTOS-L4.1.0.0
2023-04-02 11:56:01,083 [WARN] PackLoader:240 - Cannot read IP mode file for STMicroelectronics.X-CUBE-TOUCHGFX.4.20.0
2023-04-02 11:56:01,088 [WARN] PackLoader:240 - Cannot read IP mode file for STMicroelectronics.X-CUBE-AZRTOS-WL.1.0.0
2023-04-02 11:56:01,092 [WARN] PackLoader:240 - Cannot read IP mode file for portGmbH.I-Cube-SoM-uGOAL.1.1.0
2023-04-02 11:56:01,095 [WARN] PackLoader:240 - Cannot read IP mode file for STMicroelectronics.X-CUBE-ALS.1.0.1
2023-04-02 11:56:01,113 [WARN] PackLoader:240 - Cannot read IP mode file for STMicroelectronics.X-CUBE-MEMS1.9.5.0
2023-04-02 11:56:01,180 [WARN] PackLoader:240 - Cannot read IP mode file for STMicroelectronics.X-CUBE-AZRTOS-WB.1.1.0
2023-04-02 11:56:01,193 [WARN] PackLoader:240 - Cannot read IP mode file for SEGGER.I-CUBE-embOS.1.3.1
2023-04-02 11:56:01,212 [WARN] PackLoader:240 - Cannot read IP mode file for STMicroelectronics.X-CUBE-AZRTOS-L5.1.0.0
2023-04-02 11:56:01,216 [WARN] PackLoader:240 - Cannot read IP mode file for STMicroelectronics.X-CUBE-EEPRMA1.3.1.1
2023-04-02 11:56:01,217 [INFO] ThirdParty:978 - Integrity check success = true
2023-04-02 11:56:01,217 [INFO] IntegrityCheckThread:100 - exiting critical section [integrity check]
2023-04-02 11:56:01,217 [INFO] IntegrityCheckThread:103 - End integrity checks thread
2023-04-02 11:56:01,233 [INFO] Mcu:1937 - Initializing MCU STM32F103C8Tx STM32F103C8Tx 
2023-04-02 11:56:01,234 [INFO] Mcu:1950 - No CPN specified => set CPN to STM32F103C8T6
2023-04-02 11:56:01,665 [INFO] Context:659 - Trying to add GPIOservice into a context  which must be forbidden
2023-04-02 11:56:01,804 [INFO] ImportTextPane:194 - (OptionalMessage_ERROR) Unable to find key (Mcu.ThirdPartyNb) in loaded IOC file
2023-04-02 11:56:01,804 [INFO] ImportTextPane:194 - (OptionalMessage_ERROR) Unable to find key (Mcu.PinsNb) in loaded IOC file
2023-04-02 11:56:01,805 [INFO] ImportTextPane:194 - (OptionalMessage_ERROR) Unable to find key (Mcu.IPNb) in loaded IOC file
2023-04-02 11:56:01,844 [INFO] RtosManager:555 - Registered RTOS mode: class=CMSIS, group=RTOS, mode=CMSIS_V1, owner=FREERTOS
2023-04-02 11:56:01,844 [INFO] RtosManager:555 - Registered RTOS mode: class=CMSIS, group=RTOS2, mode=CMSIS_V2, owner=FREERTOS
2023-04-02 11:56:01,844 [INFO] RtosManager:555 - Registered RTOS mode: class=RTOS, group=Core, mode=CMSIS_V1, owner=FREERTOS
2023-04-02 11:56:01,845 [INFO] RtosManager:555 - Registered RTOS mode: class=RTOS, group=Core, mode=CMSIS_V2, owner=FREERTOS
2023-04-02 11:56:01,845 [WARN] ModelIntegratedComponent:184 - Missing modes for component STMicroelectronics:FreeRTOS:0.0.1:STMicroelectronics:RTOS:FreeRTOS:Core:::10.2.0:
2023-04-02 11:56:01,858 [WARN] ModelIntegratedComponent:63 - No mode defined for component null
2023-04-02 11:56:01,858 [WARN] ModelIntegratedComponent:63 - No mode defined for component null
2023-04-02 11:56:01,858 [WARN] ModelIntegratedComponent:63 - No mode defined for component null
2023-04-02 11:56:01,858 [WARN] ModelIntegratedComponent:63 - No mode defined for component null
2023-04-02 11:56:01,858 [WARN] ModelIntegratedComponent:63 - No mode defined for component null
2023-04-02 11:56:01,858 [WARN] ModelIntegratedComponent:63 - No mode defined for component null
2023-04-02 11:56:01,858 [WARN] ModelIntegratedComponent:63 - No mode defined for component null
2023-04-02 11:56:01,858 [WARN] ModelIntegratedComponent:63 - No mode defined for component null
2023-04-02 11:56:01,859 [WARN] ModelIntegratedComponent:63 - No mode defined for component null
2023-04-02 11:56:01,859 [WARN] ModelIntegratedComponent:63 - No mode defined for component null
2023-04-02 11:56:01,859 [WARN] ModelIntegratedComponent:63 - No mode defined for component null
2023-04-02 11:56:01,859 [WARN] ModelIntegratedComponent:63 - No mode defined for component null
2023-04-02 11:56:01,859 [WARN] ModelIntegratedComponent:63 - No mode defined for component null
2023-04-02 11:56:01,859 [WARN] ModelIntegratedComponent:63 - No mode defined for component null
2023-04-02 11:56:01,859 [WARN] ModelIntegratedComponent:63 - No mode defined for component null
2023-04-02 11:56:01,859 [WARN] ModelIntegratedComponent:63 - No mode defined for component null
2023-04-02 11:56:01,859 [WARN] ModelIntegratedComponent:63 - No mode defined for component null
2023-04-02 11:56:01,859 [WARN] ModelIntegratedComponent:63 - No mode defined for component null
2023-04-02 11:56:01,859 [WARN] ModelIntegratedComponent:63 - No mode defined for component null
2023-04-02 11:56:01,859 [WARN] ModelIntegratedComponent:63 - No mode defined for component null
2023-04-02 11:56:01,859 [WARN] ModelIntegratedComponent:63 - No mode defined for component null
2023-04-02 11:56:01,859 [WARN] ModelIntegratedComponent:63 - No mode defined for component null
2023-04-02 11:56:01,859 [WARN] ModelIntegratedComponent:63 - No mode defined for component null
2023-04-02 11:56:01,859 [WARN] ModelIntegratedComponent:63 - No mode defined for component null
2023-04-02 11:56:01,859 [WARN] ModelIntegratedComponent:63 - No mode defined for component null
2023-04-02 11:56:01,859 [WARN] ModelIntegratedComponent:63 - No mode defined for component null
2023-04-02 11:56:01,859 [WARN] ModelIntegratedComponent:63 - No mode defined for component null
2023-04-02 11:56:01,859 [WARN] ModelIntegratedComponent:63 - No mode defined for component null
2023-04-02 11:56:01,859 [WARN] ModelIntegratedComponent:63 - No mode defined for component null
2023-04-02 11:56:01,859 [WARN] ModelIntegratedComponent:63 - No mode defined for component null
2023-04-02 11:56:01,859 [WARN] ModelIntegratedComponent:63 - No mode defined for component null
2023-04-02 11:56:01,859 [WARN] ModelIntegratedComponent:63 - No mode defined for component null
2023-04-02 11:56:01,859 [WARN] ModelIntegratedComponent:63 - No mode defined for component null
2023-04-02 11:56:01,965 [INFO] ThirdPartyModel:298 - Start build external matchings
2023-04-02 11:56:02,262 [INFO] ThirdPartyModel:316 - End build external matchings
2023-04-02 11:56:02,348 [INFO] UtilMem:75 - End LoadConfig() Used Memory: 462382784 Bytes (724566016)
2023-04-02 11:56:02,405 [WARN] ThirdParty:833 - waiting for thirdparty lock release [change project]
2023-04-02 11:56:02,405 [INFO] ThirdParty:835 - entering critical section [change project]
2023-04-02 11:56:02,409 [INFO] ThirdParty:1030 - CMSIS Pack Vendor :STMicroelectronics X-CUBE-ISPU 1.1.0
2023-04-02 11:56:02,409 [INFO] ThirdParty:1030 - CMSIS Pack Vendor :RoweBots I-CUBE-UNISONRTOS 5.5.0-4
2023-04-02 11:56:02,409 [INFO] ThirdParty:1030 - CMSIS Pack Vendor :STMicroelectronics X-CUBE-GNSS1 6.0.0
2023-04-02 11:56:02,409 [INFO] ThirdParty:1030 - CMSIS Pack Vendor :STMicroelectronics X-CUBE-AZRTOS-H7 2.1.0
2023-04-02 11:56:02,409 [INFO] ThirdParty:1030 - CMSIS Pack Vendor :STMicroelectronics USB_HOST 2.0.0
2023-04-02 11:56:02,409 [INFO] ThirdParty:1030 - CMSIS Pack Vendor :STMicroelectronics LIBJPEG 8.0.0
2023-04-02 11:56:02,409 [INFO] ThirdParty:1030 - CMSIS Pack Vendor :STMicroelectronics USB_DEVICE 3.0.0
2023-04-02 11:56:02,409 [INFO] ThirdParty:1030 - CMSIS Pack Vendor :STMicroelectronics X-CUBE-AI 8.0.0
2023-04-02 11:56:02,409 [INFO] ThirdParty:1030 - CMSIS Pack Vendor :STMicroelectronics X-CUBE-FREERTOS 1.0.0
2023-04-02 11:56:02,409 [INFO] ThirdParty:1030 - CMSIS Pack Vendor :STMicroelectronics X-CUBE-TOUCHGFX 4.21.3
2023-04-02 11:56:02,409 [INFO] ThirdParty:1030 - CMSIS Pack Vendor :STMicroelectronics X-CUBE-BLEMGR 1.0.0
2023-04-02 11:56:02,409 [INFO] ThirdParty:1030 - CMSIS Pack Vendor :STMicroelectronics X-CUBE-BLEMGR 1.2.0
2023-04-02 11:56:02,409 [INFO] ThirdParty:1030 - CMSIS Pack Vendor :STMicroelectronics USB_DEVICE 2.0.0
2023-04-02 11:56:02,409 [INFO] ThirdParty:1030 - CMSIS Pack Vendor :STMicroelectronics X-CUBE-AI 7.3.0
2023-04-02 11:56:02,409 [INFO] ThirdParty:1030 - CMSIS Pack Vendor :STMicroelectronics X-CUBE-BLE1 6.2.3
2023-04-02 11:56:02,409 [INFO] ThirdParty:1030 - CMSIS Pack Vendor :STMicroelectronics X-CUBE-ALGOBUILD 1.3.0
2023-04-02 11:56:02,409 [INFO] ThirdParty:1030 - CMSIS Pack Vendor :STMicroelectronics X-CUBE-BLE1 6.2.4
2023-04-02 11:56:02,409 [INFO] ThirdParty:1030 - CMSIS Pack Vendor :STMicroelectronics X-CUBE-AZRTOS-L5 1.1.0
2023-04-02 11:56:02,410 [INFO] ThirdParty:1030 - CMSIS Pack Vendor :STMicroelectronics FreeRTOS 0.0.1
2023-04-02 11:56:02,410 [INFO] ThirdParty:1030 - CMSIS Pack Vendor :emotas I-CUBE-CANOPEN 1.1.3
2023-04-02 11:56:02,410 [INFO] ThirdParty:1030 - CMSIS Pack Vendor :STMicroelectronics X-CUBE-BLEMGR 2.0.0
2023-04-02 11:56:02,410 [INFO] ThirdParty:1030 - CMSIS Pack Vendor :STMicroelectronics X-CUBE-SUBG2 5.0.0
2023-04-02 11:56:02,410 [INFO] ThirdParty:1030 - CMSIS Pack Vendor :STMicroelectronics X-CUBE-NFC4 3.0.0
2023-04-02 11:56:02,410 [INFO] ThirdParty:1030 - CMSIS Pack Vendor :SEGGER I-CUBE-embOS 1.2.0
2023-04-02 11:56:02,410 [INFO] ThirdParty:1030 - CMSIS Pack Vendor :STMicroelectronics STM32_WPAN 1.0.0
2023-04-02 11:56:02,410 [INFO] ThirdParty:1030 - CMSIS Pack Vendor :STMicroelectronics lwIP 2.0.3
2023-04-02 11:56:02,410 [INFO] ThirdParty:1030 - CMSIS Pack Vendor :STMicroelectronics X-CUBE-NFC4 2.0.4
2023-04-02 11:56:02,410 [INFO] ThirdParty:1030 - CMSIS Pack Vendor :STMicroelectronics USB_HOST 1.0.0
2023-04-02 11:56:02,410 [INFO] ThirdParty:1030 - CMSIS Pack Vendor :STMicroelectronics PDM2PCM 3.1.0
2023-04-02 11:56:02,410 [INFO] ThirdParty:1030 - CMSIS Pack Vendor :STMicroelectronics X-CUBE-TOF1 3.3.0
2023-04-02 11:56:02,410 [INFO] ThirdParty:1030 - CMSIS Pack Vendor :STMicroelectronics PDM2PCM 3.3.0
2023-04-02 11:56:02,410 [INFO] ThirdParty:1030 - CMSIS Pack Vendor :STMicroelectronics X-CUBE-TOF1 3.1.0
2023-04-02 11:56:02,410 [INFO] ThirdParty:1030 - CMSIS Pack Vendor :STMicroelectronics X-CUBE-DISPLAY 3.0.0
2023-04-02 11:56:02,410 [INFO] ThirdParty:1030 - CMSIS Pack Vendor :STMicroelectronics X-CUBE-AZRTOS-G4 1.0.0
2023-04-02 11:56:02,410 [INFO] ThirdParty:1030 - CMSIS Pack Vendor :STMicroelectronics FP-ATR-SIGFOX1 3.2.0
2023-04-02 11:56:02,410 [INFO] ThirdParty:1030 - CMSIS Pack Vendor :STMicroelectronics X-CUBE-AZRTOS-L4 1.0.0
2023-04-02 11:56:02,410 [INFO] ThirdParty:1030 - CMSIS Pack Vendor :STMicroelectronics HAL Drivers 0.0.0
2023-04-02 11:56:02,410 [INFO] ThirdParty:1030 - CMSIS Pack Vendor :STMicroelectronics MBEDTLS 2.16.2
2023-04-02 11:56:02,410 [INFO] ThirdParty:1030 - CMSIS Pack Vendor :STMicroelectronics X-CUBE-TOUCHGFX 4.20.0
2023-04-02 11:56:02,410 [INFO] ThirdParty:1030 - CMSIS Pack Vendor :STMicroelectronics MBEDTLS 2.14.1
2023-04-02 11:56:02,410 [INFO] ThirdParty:1030 - CMSIS Pack Vendor :STMicroelectronics X-CUBE-NFC7 1.0.0
2023-04-02 11:56:02,410 [INFO] ThirdParty:1030 - CMSIS Pack Vendor :STMicroelectronics X-CUBE-AZRTOS-WL 1.0.0
2023-04-02 11:56:02,410 [INFO] ThirdParty:1030 - CMSIS Pack Vendor :STMicroelectronics X-CUBE-MEMS1 9.3.0
2023-04-02 11:56:02,410 [INFO] ThirdParty:1030 - CMSIS Pack Vendor :STMicroelectronics X-CUBE-EEPRMA1 4.1.0
2023-04-02 11:56:02,410 [INFO] ThirdParty:1030 - CMSIS Pack Vendor :portGmbH I-Cube-SoM-uGOAL 1.1.0
2023-04-02 11:56:02,410 [INFO] ThirdParty:1030 - CMSIS Pack Vendor :STMicroelectronics X-CUBE-ALS 1.0.1
2023-04-02 11:56:02,410 [INFO] ThirdParty:1030 - CMSIS Pack Vendor :STMicroelectronics X-CUBE-AI 7.2.0
2023-04-02 11:56:02,410 [INFO] ThirdParty:1030 - CMSIS Pack Vendor :STMicroelectronics X-CUBE-MEMS1 9.5.0
2023-04-02 11:56:02,410 [INFO] ThirdParty:1030 - CMSIS Pack Vendor :STMicroelectronics ThreadX 1.0.0
2023-04-02 11:56:02,410 [INFO] ThirdParty:1030 - CMSIS Pack Vendor :STMicroelectronics X-CUBE-AZRTOS-WB 1.1.0
2023-04-02 11:56:02,410 [INFO] ThirdParty:1030 - CMSIS Pack Vendor :SEGGER I-CUBE-embOS 1.3.1
2023-04-02 11:56:02,410 [INFO] ThirdParty:1030 - CMSIS Pack Vendor :STMicroelectronics X-CUBE-AZRTOS-L5 1.0.0
2023-04-02 11:56:02,410 [INFO] ThirdParty:1030 - CMSIS Pack Vendor :STMicroelectronics USB_DEVICE 1.0.0
2023-04-02 11:56:02,411 [INFO] ThirdParty:1030 - CMSIS Pack Vendor :STMicroelectronics X-CUBE-EEPRMA1 3.1.1
2023-04-02 11:56:02,411 [INFO] ThirdParty:1030 - CMSIS Pack Vendor :STMicroelectronics ThreadX 0.0.2
2023-04-02 11:56:02,411 [INFO] ThirdParty:1030 - CMSIS Pack Vendor :WES I-CUBE-Cesium 1.3.0
2023-04-02 11:56:02,411 [INFO] ThirdParty:1030 - CMSIS Pack Vendor :STMicroelectronics lwIP 2.1.2
2023-04-02 11:56:02,411 [INFO] ThirdParty:1030 - CMSIS Pack Vendor :STMicroelectronics X-CUBE-BLE2 3.3.0
2023-04-02 11:56:02,411 [INFO] ThirdParty:1030 - CMSIS Pack Vendor :STMicroelectronics X-CUBE-DISPLAY 2.2.0
2023-04-02 11:56:02,411 [INFO] ThirdParty:1030 - CMSIS Pack Vendor :STMicroelectronics X-CUBE-TOF1 3.2.0
2023-04-02 11:56:02,411 [INFO] ThirdParty:1030 - CMSIS Pack Vendor :STMicroelectronics PDM2PCM 3.2.0
2023-04-02 11:56:02,411 [INFO] ThirdParty:1030 - CMSIS Pack Vendor :STMicroelectronics X-CUBE-AZRTOS-H7 3.0.0
2023-04-02 11:56:02,411 [INFO] ThirdParty:1030 - CMSIS Pack Vendor :STMicroelectronics X-CUBE-ISPU 1.0.0
2023-04-02 11:56:02,411 [INFO] ThirdParty:841 - exiting critical section [change project]
2023-04-02 11:56:02,557 [INFO] PinOutPanel:1499 - setPackage(No Configuration,No Configuration)
2023-04-02 11:56:02,558 [INFO] PinOutPanel:1499 - setPackage(STM32F103C8Tx,LQFP48)
2023-04-02 11:56:02,854 [INFO] UtilMem:75 - Before build in PCC Used Memory: 607605192 Bytes (724566016)
2023-04-02 11:56:03,235 [INFO] UtilMem:75 - After build in PCC Used Memory: 578826704 Bytes (724566016)
2023-04-02 11:56:03,250 [INFO] IPUIPlugin:80 - create IPUIPlugin
2023-04-02 11:56:03,251 [INFO] IPUIPlugin:80 - create IPUIPlugin
2023-04-02 11:56:03,251 [INFO] IPUIPlugin:80 - create IPUIPlugin
2023-04-02 11:56:03,251 [INFO] IPUIPlugin:80 - create IPUIPlugin
2023-04-02 11:56:03,251 [INFO] IPUIPlugin:80 - create IPUIPlugin
2023-04-02 11:56:03,251 [INFO] IPUIPlugin:80 - create IPUIPlugin
2023-04-02 11:56:03,251 [INFO] IPUIPlugin:80 - create IPUIPlugin
2023-04-02 11:56:03,251 [INFO] IPUIPlugin:80 - create IPUIPlugin
2023-04-02 11:56:03,251 [INFO] IPUIPlugin:80 - create IPUIPlugin
2023-04-02 11:56:03,251 [INFO] IPUIPlugin:80 - create IPUIPlugin
2023-04-02 11:56:03,251 [INFO] IPUIPlugin:80 - create IPUIPlugin
2023-04-02 11:56:03,251 [INFO] IPUIPlugin:80 - create IPUIPlugin
2023-04-02 11:56:03,252 [INFO] IPUIPlugin:80 - create IPUIPlugin
2023-04-02 11:56:03,252 [INFO] IPUIPlugin:80 - create IPUIPlugin
2023-04-02 11:56:03,252 [INFO] IPUIPlugin:80 - create IPUIPlugin
2023-04-02 11:56:03,252 [INFO] IPUIPlugin:80 - create IPUIPlugin
2023-04-02 11:56:03,252 [INFO] IPUIPlugin:80 - create IPUIPlugin
2023-04-02 11:56:03,252 [INFO] IPUIPlugin:80 - create IPUIPlugin
2023-04-02 11:56:03,252 [INFO] IPUIPlugin:80 - create IPUIPlugin
2023-04-02 11:56:03,252 [INFO] IPUIPlugin:80 - create IPUIPlugin
2023-04-02 11:56:03,252 [INFO] IPUIPlugin:80 - create IPUIPlugin
2023-04-02 11:56:03,252 [INFO] IPUIPlugin:80 - create IPUIPlugin
2023-04-02 11:56:03,252 [INFO] IPUIPlugin:80 - create IPUIPlugin
2023-04-02 11:56:03,252 [INFO] IPUIPlugin:80 - create IPUIPlugin
2023-04-02 11:56:03,253 [INFO] IPUIPlugin:80 - create IPUIPlugin
2023-04-02 11:56:03,253 [INFO] IPUIPlugin:80 - create IPUIPlugin
2023-04-02 11:56:03,253 [INFO] IPUIPlugin:80 - create IPUIPlugin
2023-04-02 11:56:03,360 [INFO] CADModel:165 - CPN selected for project levelSTM32F103C8T6
2023-04-02 11:56:03,361 [INFO] CADModel:114 - Register for checkConnection events
2023-04-02 11:56:03,402 [INFO] OpenFileManager:328 - Restore cursor
2023-04-02 11:56:03,742 [INFO] UtilMem:75 - End SaveConfig() Used Memory: 498197840 Bytes (724566016)
2023-04-02 11:56:03,766 [INFO] UtilMem:75 - End SaveConfig() Used Memory: 510592264 Bytes (724566016)
2023-04-02 11:56:04,159 [INFO] BlockDiagram:2759 - set Specific Code input for plugin: NVIC
2023-04-02 11:56:04,159 [INFO] BlockDiagram:2759 - set Specific Code input for plugin: RCC
2023-04-02 11:56:04,159 [INFO] CodeGenerator:793 - code generatio: config db path: /opt/st/stm32cubeide_1.10.1/plugins/com.st.stm32cube.common.mx_6.8.0.202302231600//db/
2023-04-02 11:56:04,360 [INFO] CodeEngine:255 - oldGeneratedFile, /home/leon/STM32CubeIDE/workspace_1.10.1/rotary-menu/MXTmpFiles/license.tmp_save
2023-04-02 11:56:04,591 [INFO] CodeEngine:279 - Generated code: /home/leon/STM32CubeIDE/workspace_1.10.1/rotary-menu/MXTmpFiles/license.tmp
2023-04-02 11:56:04,595 [INFO] CodeEngine:255 - oldGeneratedFile, /home/leon/STM32CubeIDE/workspace_1.10.1/rotary-menu/Core/Src/stm32f1xx_it.c_save
2023-04-02 11:56:04,692 [INFO] CodeEngine:279 - Generated code: /home/leon/STM32CubeIDE/workspace_1.10.1/rotary-menu/Core/Src/stm32f1xx_it.c
2023-04-02 11:56:04,693 [INFO] CodeEngine:255 - oldGeneratedFile, /home/leon/STM32CubeIDE/workspace_1.10.1/rotary-menu/Core/Inc/stm32f1xx_it.h_save
2023-04-02 11:56:04,759 [INFO] CodeEngine:279 - Generated code: /home/leon/STM32CubeIDE/workspace_1.10.1/rotary-menu/Core/Inc/stm32f1xx_it.h
2023-04-02 11:56:04,810 [INFO] CodeEngine:255 - oldGeneratedFile, /home/leon/STM32CubeIDE/workspace_1.10.1/rotary-menu/Core/Src/stm32f1xx_hal_msp.c_save
2023-04-02 11:56:04,882 [INFO] CodeEngine:279 - Generated code: /home/leon/STM32CubeIDE/workspace_1.10.1/rotary-menu/Core/Src/stm32f1xx_hal_msp.c
2023-04-02 11:56:04,883 [INFO] CodeEngine:255 - oldGeneratedFile, /home/leon/STM32CubeIDE/workspace_1.10.1/rotary-menu/MXTmpFiles/system.tmp_save
2023-04-02 11:56:04,925 [INFO] CodeEngine:279 - Generated code: /home/leon/STM32CubeIDE/workspace_1.10.1/rotary-menu/MXTmpFiles/system.tmp
2023-04-02 11:56:04,926 [INFO] CodeEngine:311 - oldGeneratedFile, /home/leon/STM32CubeIDE/workspace_1.10.1/rotary-menu/Core/Inc/stm32f1xx_hal_conf.h_save
2023-04-02 11:56:04,992 [INFO] CodeEngine:335 - Generated code: /home/leon/STM32CubeIDE/workspace_1.10.1/rotary-menu/Core/Inc/stm32f1xx_hal_conf.h
2023-04-02 11:56:05,015 [INFO] CodeEngine:255 - oldGeneratedFile, /home/leon/STM32CubeIDE/workspace_1.10.1/rotary-menu/Core/Inc/main.h_save
2023-04-02 11:56:05,075 [INFO] CodeEngine:279 - Generated code: /home/leon/STM32CubeIDE/workspace_1.10.1/rotary-menu/Core/Inc/main.h
2023-04-02 11:56:05,076 [INFO] CodeEngine:255 - oldGeneratedFile, /home/leon/STM32CubeIDE/workspace_1.10.1/rotary-menu/Core/Src/main.c_save
2023-04-02 11:56:05,181 [INFO] CodeEngine:279 - Generated code: /home/leon/STM32CubeIDE/workspace_1.10.1/rotary-menu/Core/Src/main.c
2023-04-02 11:56:05,590 [INFO] ProjectBuilder:2996 - Time for Copy HAL[1] : 30mS.
2023-04-02 11:56:05,597 [INFO] ProjectBuilder:4304 - Project Generator version: 3.19.2
2023-04-02 11:56:05,824 [INFO] ConfigFileManager:1483 - The Die is : DIE410
2023-04-02 11:56:05,832 [INFO] ApiDbMcu:507 - Load IP Config File for FATFS
2023-04-02 11:56:05,850 [INFO] ApiDbMcu:507 - Load IP Config File for FREERTOS
2023-04-02 11:56:05,854 [INFO] ApiDbMcu:507 - Load IP Config File for USB_DEVICE
2023-04-02 11:56:06,407 [INFO] LogOutputStream:77 - [STDOUT_REDIRECT] 
2023-04-02 11:56:07,698 [INFO] ProjectBuilder:4505 - Time for Generating toolchain IDE Files: 2101mS.
2023-04-02 11:56:07,698 [INFO] ProjectBuilder:2867 - Time for Copy CMSIS : 0mS.
2023-04-02 11:56:07,699 [INFO] ProjectBuilder:2867 - Time for Copy CMSIS : 0mS.
2023-04-02 11:56:08,351 [INFO] McuFinderGlobals:66 - Set McuFinderConnectedMode to true
2023-04-02 11:56:08,353 [INFO] ApiDb:448 - Save user favorites file /home/leon/.stm32cubeide/favorites.mcus.txt: 0 item(s)
2023-04-02 11:56:08,353 [INFO] ApiDb:452 - User favorites MCUs=[]
2023-04-02 12:02:18,954 [INFO] NvicIntPanel:101 - NVIC parent = com.st.microxplorer.plugins.ip.nvic.MultiNvicIntPanel[,0,0,0x0,invalid,layout=javax.swing.BoxLayout,alignmentX=0.0,alignmentY=0.0,border=,flags=9,maximumSize=,minimumSize=,preferredSize=]
2023-04-02 12:02:21,089 [INFO] NvicIntPanel:101 - NVIC parent = com.st.microxplorer.plugins.ip.nvic.MultiNvicIntPanel[,0,0,0x0,invalid,layout=javax.swing.BoxLayout,alignmentX=0.0,alignmentY=0.0,border=,flags=9,maximumSize=,minimumSize=,preferredSize=]
2023-04-02 12:03:13,809 [INFO] NvicIntPanel:101 - NVIC parent = com.st.microxplorer.plugins.ip.nvic.MultiNvicIntPanel[,0,0,487x274,layout=javax.swing.BoxLayout,alignmentX=0.0,alignmentY=0.0,border=,flags=9,maximumSize=,minimumSize=,preferredSize=]
2023-04-02 12:03:31,294 [INFO] NvicIntPanel:101 - NVIC parent = com.st.microxplorer.plugins.ip.nvic.MultiNvicIntPanel[,0,0,0x0,invalid,layout=javax.swing.BoxLayout,alignmentX=0.0,alignmentY=0.0,border=,flags=9,maximumSize=,minimumSize=,preferredSize=]
2023-04-02 12:03:33,177 [INFO] NvicIntPanel:101 - NVIC parent = com.st.microxplorer.plugins.ip.nvic.MultiNvicIntPanel[,0,0,0x0,invalid,layout=javax.swing.BoxLayout,alignmentX=0.0,alignmentY=0.0,border=,flags=9,maximumSize=,minimumSize=,preferredSize=]
2023-04-02 12:03:36,411 [INFO] NvicIntPanel:101 - NVIC parent = com.st.microxplorer.plugins.ip.nvic.MultiNvicIntPanel[,0,0,0x0,invalid,layout=javax.swing.BoxLayout,alignmentX=0.0,alignmentY=0.0,border=,flags=9,maximumSize=,minimumSize=,preferredSize=]
2023-04-02 12:04:27,252 [INFO] UtilMem:75 - End SaveConfig() Used Memory: 326866440 Bytes (851443712)
2023-04-02 12:04:32,375 [INFO] UtilMem:75 - End SaveConfig() Used Memory: 385303912 Bytes (851443712)
2023-04-02 12:04:32,499 [INFO] BlockDiagram:2759 - set Specific Code input for plugin: NVIC
2023-04-02 12:04:32,499 [INFO] BlockDiagram:2759 - set Specific Code input for plugin: TIM1_8F1
2023-04-02 12:04:32,499 [INFO] BlockDiagram:2759 - set Specific Code input for plugin: SYS
2023-04-02 12:04:32,499 [INFO] BlockDiagram:2759 - set Specific Code input for plugin: GPIO
2023-04-02 12:04:32,499 [INFO] BlockDiagram:2759 - set Specific Code input for plugin: RCC
2023-04-02 12:04:32,499 [INFO] CodeGenerator:793 - code generatio: config db path: /opt/st/stm32cubeide_1.10.1/plugins/com.st.stm32cube.common.mx_6.8.0.202302231600//db/
2023-04-02 12:04:32,621 [INFO] CodeEngine:255 - oldGeneratedFile, /home/leon/STM32CubeIDE/workspace_1.10.1/rotary-menu/MXTmpFiles/license.tmp_save
2023-04-02 12:04:32,691 [INFO] CodeEngine:279 - Generated code: /home/leon/STM32CubeIDE/workspace_1.10.1/rotary-menu/MXTmpFiles/license.tmp
2023-04-02 12:04:32,712 [INFO] CodeEngine:255 - oldGeneratedFile, /home/leon/STM32CubeIDE/workspace_1.10.1/rotary-menu/Core/Src/gpio.c_save
2023-04-02 12:04:32,784 [INFO] CodeEngine:279 - Generated code: /home/leon/STM32CubeIDE/workspace_1.10.1/rotary-menu/Core/Src/gpio.c
2023-04-02 12:04:32,786 [INFO] CodeEngine:255 - oldGeneratedFile, /home/leon/STM32CubeIDE/workspace_1.10.1/rotary-menu/Core/Inc/gpio.h_save
2023-04-02 12:04:32,846 [INFO] CodeEngine:279 - Generated code: /home/leon/STM32CubeIDE/workspace_1.10.1/rotary-menu/Core/Inc/gpio.h
2023-04-02 12:04:32,888 [INFO] CodeEngine:255 - oldGeneratedFile, /home/leon/STM32CubeIDE/workspace_1.10.1/rotary-menu/Core/Src/tim.c_save
2023-04-02 12:04:32,980 [INFO] CodeEngine:279 - Generated code: /home/leon/STM32CubeIDE/workspace_1.10.1/rotary-menu/Core/Src/tim.c
2023-04-02 12:04:32,981 [INFO] CodeEngine:255 - oldGeneratedFile, /home/leon/STM32CubeIDE/workspace_1.10.1/rotary-menu/Core/Inc/tim.h_save
2023-04-02 12:04:33,024 [INFO] CodeEngine:279 - Generated code: /home/leon/STM32CubeIDE/workspace_1.10.1/rotary-menu/Core/Inc/tim.h
2023-04-02 12:04:33,027 [INFO] CodeEngine:255 - oldGeneratedFile, /home/leon/STM32CubeIDE/workspace_1.10.1/rotary-menu/Core/Src/stm32f1xx_it.c_save
2023-04-02 12:04:33,082 [INFO] CodeEngine:279 - Generated code: /home/leon/STM32CubeIDE/workspace_1.10.1/rotary-menu/Core/Src/stm32f1xx_it.c
2023-04-02 12:04:33,083 [INFO] CodeEngine:255 - oldGeneratedFile, /home/leon/STM32CubeIDE/workspace_1.10.1/rotary-menu/Core/Inc/stm32f1xx_it.h_save
2023-04-02 12:04:33,125 [INFO] CodeEngine:279 - Generated code: /home/leon/STM32CubeIDE/workspace_1.10.1/rotary-menu/Core/Inc/stm32f1xx_it.h
2023-04-02 12:04:33,127 [INFO] CodeEngine:255 - oldGeneratedFile, /home/leon/STM32CubeIDE/workspace_1.10.1/rotary-menu/Core/Src/stm32f1xx_hal_msp.c_save
2023-04-02 12:04:33,183 [INFO] CodeEngine:279 - Generated code: /home/leon/STM32CubeIDE/workspace_1.10.1/rotary-menu/Core/Src/stm32f1xx_hal_msp.c
2023-04-02 12:04:33,184 [INFO] CodeEngine:255 - oldGeneratedFile, /home/leon/STM32CubeIDE/workspace_1.10.1/rotary-menu/MXTmpFiles/system.tmp_save
2023-04-02 12:04:33,226 [INFO] CodeEngine:279 - Generated code: /home/leon/STM32CubeIDE/workspace_1.10.1/rotary-menu/MXTmpFiles/system.tmp
2023-04-02 12:04:33,228 [INFO] CodeEngine:311 - oldGeneratedFile, /home/leon/STM32CubeIDE/workspace_1.10.1/rotary-menu/Core/Inc/stm32f1xx_hal_conf.h_save
2023-04-02 12:04:33,272 [INFO] CodeEngine:335 - Generated code: /home/leon/STM32CubeIDE/workspace_1.10.1/rotary-menu/Core/Inc/stm32f1xx_hal_conf.h
2023-04-02 12:04:33,282 [INFO] CodeEngine:255 - oldGeneratedFile, /home/leon/STM32CubeIDE/workspace_1.10.1/rotary-menu/Core/Inc/main.h_save
2023-04-02 12:04:33,324 [INFO] CodeEngine:279 - Generated code: /home/leon/STM32CubeIDE/workspace_1.10.1/rotary-menu/Core/Inc/main.h
2023-04-02 12:04:33,325 [INFO] CodeEngine:255 - oldGeneratedFile, /home/leon/STM32CubeIDE/workspace_1.10.1/rotary-menu/Core/Src/main.c_save
2023-04-02 12:04:33,379 [INFO] CodeEngine:279 - Generated code: /home/leon/STM32CubeIDE/workspace_1.10.1/rotary-menu/Core/Src/main.c
2023-04-02 12:04:33,718 [INFO] ProjectBuilder:2996 - Time for Copy HAL[1] : 17mS.
2023-04-02 12:04:33,719 [INFO] ProjectBuilder:4304 - Project Generator version: 3.19.2
2023-04-02 12:04:33,885 [INFO] ConfigFileManager:1483 - The Die is : DIE410
2023-04-02 12:04:34,678 [INFO] ProjectBuilder:4505 - Time for Generating toolchain IDE Files: 959mS.
2023-04-02 12:04:34,678 [INFO] ProjectBuilder:2867 - Time for Copy CMSIS : 0mS.
2023-04-02 12:04:34,678 [INFO] ProjectBuilder:2867 - Time for Copy CMSIS : 0mS.
2023-04-02 12:09:33,063 [INFO] NvicIntPanel:101 - NVIC parent = com.st.microxplorer.plugins.ip.nvic.MultiNvicIntPanel[,0,0,0x0,invalid,layout=javax.swing.BoxLayout,alignmentX=0.0,alignmentY=0.0,border=,flags=9,maximumSize=,minimumSize=,preferredSize=]
2023-04-02 12:09:42,942 [INFO] NvicIntPanel:101 - NVIC parent = com.st.microxplorer.plugins.ip.nvic.MultiNvicIntPanel[,0,0,0x0,invalid,layout=javax.swing.BoxLayout,alignmentX=0.0,alignmentY=0.0,border=,flags=9,maximumSize=,minimumSize=,preferredSize=]
2023-04-02 12:09:49,003 [INFO] UtilMem:75 - End SaveConfig() Used Memory: 572988728 Bytes (860880896)
2023-04-02 12:09:49,219 [INFO] UtilMem:75 - End SaveConfig() Used Memory: 602399384 Bytes (860880896)
2023-04-02 12:09:49,342 [INFO] BlockDiagram:2759 - set Specific Code input for plugin: NVIC
2023-04-02 12:09:49,342 [INFO] BlockDiagram:2759 - set Specific Code input for plugin: TIM1_8F1
2023-04-02 12:09:49,342 [INFO] BlockDiagram:2759 - set Specific Code input for plugin: SYS
2023-04-02 12:09:49,342 [INFO] BlockDiagram:2759 - set Specific Code input for plugin: GPIO
2023-04-02 12:09:49,342 [INFO] BlockDiagram:2759 - set Specific Code input for plugin: RCC
2023-04-02 12:09:49,342 [INFO] CodeGenerator:793 - code generatio: config db path: /opt/st/stm32cubeide_1.10.1/plugins/com.st.stm32cube.common.mx_6.8.0.202302231600//db/
2023-04-02 12:09:49,458 [INFO] CodeEngine:255 - oldGeneratedFile, /home/leon/STM32CubeIDE/workspace_1.10.1/rotary-menu/MXTmpFiles/license.tmp_save
2023-04-02 12:09:49,498 [INFO] CodeEngine:279 - Generated code: /home/leon/STM32CubeIDE/workspace_1.10.1/rotary-menu/MXTmpFiles/license.tmp
2023-04-02 12:09:49,503 [INFO] CodeEngine:255 - oldGeneratedFile, /home/leon/STM32CubeIDE/workspace_1.10.1/rotary-menu/Core/Src/gpio.c_save
2023-04-02 12:09:49,551 [INFO] CodeEngine:279 - Generated code: /home/leon/STM32CubeIDE/workspace_1.10.1/rotary-menu/Core/Src/gpio.c
2023-04-02 12:09:49,552 [INFO] CodeEngine:255 - oldGeneratedFile, /home/leon/STM32CubeIDE/workspace_1.10.1/rotary-menu/Core/Inc/gpio.h_save
2023-04-02 12:09:49,590 [INFO] CodeEngine:279 - Generated code: /home/leon/STM32CubeIDE/workspace_1.10.1/rotary-menu/Core/Inc/gpio.h
2023-04-02 12:09:49,607 [INFO] CodeEngine:255 - oldGeneratedFile, /home/leon/STM32CubeIDE/workspace_1.10.1/rotary-menu/Core/Src/tim.c_save
2023-04-02 12:09:49,664 [INFO] CodeEngine:279 - Generated code: /home/leon/STM32CubeIDE/workspace_1.10.1/rotary-menu/Core/Src/tim.c
2023-04-02 12:09:49,665 [INFO] CodeEngine:255 - oldGeneratedFile, /home/leon/STM32CubeIDE/workspace_1.10.1/rotary-menu/Core/Inc/tim.h_save
2023-04-02 12:09:49,705 [INFO] CodeEngine:279 - Generated code: /home/leon/STM32CubeIDE/workspace_1.10.1/rotary-menu/Core/Inc/tim.h
2023-04-02 12:09:49,707 [INFO] CodeEngine:255 - oldGeneratedFile, /home/leon/STM32CubeIDE/workspace_1.10.1/rotary-menu/Core/Src/stm32f1xx_it.c_save
2023-04-02 12:09:49,749 [INFO] CodeEngine:279 - Generated code: /home/leon/STM32CubeIDE/workspace_1.10.1/rotary-menu/Core/Src/stm32f1xx_it.c
2023-04-02 12:09:49,750 [INFO] CodeEngine:255 - oldGeneratedFile, /home/leon/STM32CubeIDE/workspace_1.10.1/rotary-menu/Core/Inc/stm32f1xx_it.h_save
2023-04-02 12:09:49,787 [INFO] CodeEngine:279 - Generated code: /home/leon/STM32CubeIDE/workspace_1.10.1/rotary-menu/Core/Inc/stm32f1xx_it.h
2023-04-02 12:09:49,789 [INFO] CodeEngine:255 - oldGeneratedFile, /home/leon/STM32CubeIDE/workspace_1.10.1/rotary-menu/Core/Src/stm32f1xx_hal_msp.c_save
2023-04-02 12:09:49,841 [INFO] CodeEngine:279 - Generated code: /home/leon/STM32CubeIDE/workspace_1.10.1/rotary-menu/Core/Src/stm32f1xx_hal_msp.c
2023-04-02 12:09:49,841 [INFO] CodeEngine:255 - oldGeneratedFile, /home/leon/STM32CubeIDE/workspace_1.10.1/rotary-menu/MXTmpFiles/system.tmp_save
2023-04-02 12:09:49,878 [INFO] CodeEngine:279 - Generated code: /home/leon/STM32CubeIDE/workspace_1.10.1/rotary-menu/MXTmpFiles/system.tmp
2023-04-02 12:09:49,880 [INFO] CodeEngine:311 - oldGeneratedFile, /home/leon/STM32CubeIDE/workspace_1.10.1/rotary-menu/Core/Inc/stm32f1xx_hal_conf.h_save
2023-04-02 12:09:49,922 [INFO] CodeEngine:335 - Generated code: /home/leon/STM32CubeIDE/workspace_1.10.1/rotary-menu/Core/Inc/stm32f1xx_hal_conf.h
2023-04-02 12:09:49,928 [INFO] CodeEngine:255 - oldGeneratedFile, /home/leon/STM32CubeIDE/workspace_1.10.1/rotary-menu/Core/Inc/main.h_save
2023-04-02 12:09:49,969 [INFO] CodeEngine:279 - Generated code: /home/leon/STM32CubeIDE/workspace_1.10.1/rotary-menu/Core/Inc/main.h
2023-04-02 12:09:49,969 [INFO] CodeEngine:255 - oldGeneratedFile, /home/leon/STM32CubeIDE/workspace_1.10.1/rotary-menu/Core/Src/main.c_save
2023-04-02 12:09:50,021 [INFO] CodeEngine:279 - Generated code: /home/leon/STM32CubeIDE/workspace_1.10.1/rotary-menu/Core/Src/main.c
2023-04-02 12:09:50,251 [INFO] ProjectBuilder:2996 - Time for Copy HAL[1] : 9mS.
2023-04-02 12:09:50,252 [INFO] ProjectBuilder:4304 - Project Generator version: 3.19.2
2023-04-02 12:09:50,473 [INFO] ConfigFileManager:1483 - The Die is : DIE410
2023-04-02 12:09:51,154 [INFO] ProjectBuilder:4505 - Time for Generating toolchain IDE Files: 902mS.
2023-04-02 12:09:51,154 [INFO] ProjectBuilder:2867 - Time for Copy CMSIS : 0mS.
2023-04-02 12:09:51,155 [INFO] ProjectBuilder:2867 - Time for Copy CMSIS : 0mS.
2023-04-02 12:52:23,432 [INFO] NvicIntPanel:101 - NVIC parent = com.st.microxplorer.plugins.ip.nvic.MultiNvicIntPanel[,0,0,0x0,invalid,layout=javax.swing.BoxLayout,alignmentX=0.0,alignmentY=0.0,border=,flags=9,maximumSize=,minimumSize=,preferredSize=]
2023-04-02 12:52:39,521 [INFO] NvicIntPanel:101 - NVIC parent = com.st.microxplorer.plugins.ip.nvic.MultiNvicIntPanel[,0,0,0x0,invalid,layout=javax.swing.BoxLayout,alignmentX=0.0,alignmentY=0.0,border=,flags=9,maximumSize=,minimumSize=,preferredSize=]
2023-04-02 12:52:41,563 [INFO] NvicIntPanel:101 - NVIC parent = com.st.microxplorer.plugins.ip.nvic.MultiNvicIntPanel[,0,0,0x0,invalid,layout=javax.swing.BoxLayout,alignmentX=0.0,alignmentY=0.0,border=,flags=9,maximumSize=,minimumSize=,preferredSize=]
2023-04-02 12:53:07,789 [INFO] NvicIntPanel:101 - NVIC parent = com.st.microxplorer.plugins.ip.nvic.MultiNvicIntPanel[,0,0,499x274,layout=javax.swing.BoxLayout,alignmentX=0.0,alignmentY=0.0,border=,flags=9,maximumSize=,minimumSize=,preferredSize=]
2023-04-02 12:53:33,623 [INFO] NvicIntPanel:101 - NVIC parent = com.st.microxplorer.plugins.ip.nvic.MultiNvicIntPanel[,0,0,0x0,invalid,layout=javax.swing.BoxLayout,alignmentX=0.0,alignmentY=0.0,border=,flags=9,maximumSize=,minimumSize=,preferredSize=]
2023-04-02 12:53:35,060 [INFO] NvicIntPanel:101 - NVIC parent = com.st.microxplorer.plugins.ip.nvic.MultiNvicIntPanel[,0,0,0x0,invalid,layout=javax.swing.BoxLayout,alignmentX=0.0,alignmentY=0.0,border=,flags=9,maximumSize=,minimumSize=,preferredSize=]
2023-04-02 12:53:40,982 [INFO] UtilMem:75 - End SaveConfig() Used Memory: 447534056 Bytes (911212544)
2023-04-02 12:53:42,967 [INFO] UtilMem:75 - End SaveConfig() Used Memory: 465882088 Bytes (911212544)
2023-04-02 12:53:43,167 [INFO] UtilMem:75 - End SaveConfig() Used Memory: 521982952 Bytes (911212544)
2023-04-02 12:53:43,291 [INFO] BlockDiagram:2759 - set Specific Code input for plugin: NVIC
2023-04-02 12:53:43,291 [INFO] BlockDiagram:2759 - set Specific Code input for plugin: TIM1_8F1
2023-04-02 12:53:43,291 [INFO] BlockDiagram:2759 - set Specific Code input for plugin: TIM1_8F1
2023-04-02 12:53:43,291 [INFO] BlockDiagram:2759 - set Specific Code input for plugin: SYS
2023-04-02 12:53:43,291 [INFO] BlockDiagram:2759 - set Specific Code input for plugin: GPIO
2023-04-02 12:53:43,291 [INFO] BlockDiagram:2759 - set Specific Code input for plugin: RCC
2023-04-02 12:53:43,291 [INFO] CodeGenerator:793 - code generatio: config db path: /opt/st/stm32cubeide_1.10.1/plugins/com.st.stm32cube.common.mx_6.8.0.202302231600//db/
2023-04-02 12:53:43,390 [INFO] CodeEngine:255 - oldGeneratedFile, /home/leon/STM32CubeIDE/workspace_1.10.1/rotary-menu/MXTmpFiles/license.tmp_save
2023-04-02 12:53:43,447 [INFO] CodeEngine:279 - Generated code: /home/leon/STM32CubeIDE/workspace_1.10.1/rotary-menu/MXTmpFiles/license.tmp
2023-04-02 12:53:43,452 [INFO] CodeEngine:255 - oldGeneratedFile, /home/leon/STM32CubeIDE/workspace_1.10.1/rotary-menu/Core/Src/gpio.c_save
2023-04-02 12:53:43,501 [INFO] CodeEngine:279 - Generated code: /home/leon/STM32CubeIDE/workspace_1.10.1/rotary-menu/Core/Src/gpio.c
2023-04-02 12:53:43,502 [INFO] CodeEngine:255 - oldGeneratedFile, /home/leon/STM32CubeIDE/workspace_1.10.1/rotary-menu/Core/Inc/gpio.h_save
2023-04-02 12:53:43,541 [INFO] CodeEngine:279 - Generated code: /home/leon/STM32CubeIDE/workspace_1.10.1/rotary-menu/Core/Inc/gpio.h
2023-04-02 12:53:43,570 [INFO] CodeEngine:255 - oldGeneratedFile, /home/leon/STM32CubeIDE/workspace_1.10.1/rotary-menu/Core/Src/tim.c_save
2023-04-02 12:53:43,647 [INFO] CodeEngine:279 - Generated code: /home/leon/STM32CubeIDE/workspace_1.10.1/rotary-menu/Core/Src/tim.c
2023-04-02 12:53:43,648 [INFO] CodeEngine:255 - oldGeneratedFile, /home/leon/STM32CubeIDE/workspace_1.10.1/rotary-menu/Core/Inc/tim.h_save
2023-04-02 12:53:43,687 [INFO] CodeEngine:279 - Generated code: /home/leon/STM32CubeIDE/workspace_1.10.1/rotary-menu/Core/Inc/tim.h
2023-04-02 12:53:43,689 [INFO] CodeEngine:255 - oldGeneratedFile, /home/leon/STM32CubeIDE/workspace_1.10.1/rotary-menu/Core/Src/stm32f1xx_it.c_save
2023-04-02 12:53:43,784 [INFO] CodeEngine:279 - Generated code: /home/leon/STM32CubeIDE/workspace_1.10.1/rotary-menu/Core/Src/stm32f1xx_it.c
2023-04-02 12:53:43,784 [INFO] CodeEngine:255 - oldGeneratedFile, /home/leon/STM32CubeIDE/workspace_1.10.1/rotary-menu/Core/Inc/stm32f1xx_it.h_save
2023-04-02 12:53:43,823 [INFO] CodeEngine:279 - Generated code: /home/leon/STM32CubeIDE/workspace_1.10.1/rotary-menu/Core/Inc/stm32f1xx_it.h
2023-04-02 12:53:43,824 [INFO] CodeEngine:255 - oldGeneratedFile, /home/leon/STM32CubeIDE/workspace_1.10.1/rotary-menu/Core/Src/stm32f1xx_hal_msp.c_save
2023-04-02 12:53:43,876 [INFO] CodeEngine:279 - Generated code: /home/leon/STM32CubeIDE/workspace_1.10.1/rotary-menu/Core/Src/stm32f1xx_hal_msp.c
2023-04-02 12:53:43,876 [INFO] CodeEngine:255 - oldGeneratedFile, /home/leon/STM32CubeIDE/workspace_1.10.1/rotary-menu/MXTmpFiles/system.tmp_save
2023-04-02 12:53:43,915 [INFO] CodeEngine:279 - Generated code: /home/leon/STM32CubeIDE/workspace_1.10.1/rotary-menu/MXTmpFiles/system.tmp
2023-04-02 12:53:43,916 [INFO] CodeEngine:311 - oldGeneratedFile, /home/leon/STM32CubeIDE/workspace_1.10.1/rotary-menu/Core/Inc/stm32f1xx_hal_conf.h_save
2023-04-02 12:53:43,958 [INFO] CodeEngine:335 - Generated code: /home/leon/STM32CubeIDE/workspace_1.10.1/rotary-menu/Core/Inc/stm32f1xx_hal_conf.h
2023-04-02 12:53:43,964 [INFO] CodeEngine:255 - oldGeneratedFile, /home/leon/STM32CubeIDE/workspace_1.10.1/rotary-menu/Core/Inc/main.h_save
2023-04-02 12:53:44,016 [INFO] CodeEngine:279 - Generated code: /home/leon/STM32CubeIDE/workspace_1.10.1/rotary-menu/Core/Inc/main.h
2023-04-02 12:53:44,016 [INFO] CodeEngine:255 - oldGeneratedFile, /home/leon/STM32CubeIDE/workspace_1.10.1/rotary-menu/Core/Src/main.c_save
2023-04-02 12:53:44,102 [INFO] CodeEngine:279 - Generated code: /home/leon/STM32CubeIDE/workspace_1.10.1/rotary-menu/Core/Src/main.c
2023-04-02 12:53:44,371 [INFO] ProjectBuilder:2996 - Time for Copy HAL[1] : 10mS.
2023-04-02 12:53:44,372 [INFO] ProjectBuilder:4304 - Project Generator version: 3.19.2
2023-04-02 12:53:44,510 [INFO] ConfigFileManager:1483 - The Die is : DIE410
2023-04-02 12:53:45,205 [INFO] ProjectBuilder:4505 - Time for Generating toolchain IDE Files: 833mS.
2023-04-02 12:53:45,205 [INFO] ProjectBuilder:2867 - Time for Copy CMSIS : 0mS.
2023-04-02 12:53:45,205 [INFO] ProjectBuilder:2867 - Time for Copy CMSIS : 0mS.
