15:45:52 **** Incremental Build of configuration Debug for project code ****
make -j16 all 
arm-none-eabi-gcc -o "code.elf" @"objects.list"   -mcpu=cortex-m3 -T"/home/leon/Projects/stm32f103-dro/code/STM32F103C8TX_FLASH.ld" --specs=nosys.specs -Wl,-Map="code.map" -Wl,--gc-sections -static --specs=nano.specs -mfloat-abi=soft -mthumb -Wl,--start-group -lc -lm -Wl,--end-group
/opt/st/stm32cubeide_1.10.1/plugins/com.st.stm32cube.ide.mcu.externaltools.gnu-tools-for-stm32.10.3-2021.10.linux64_1.0.0.202111181127/tools/bin/../lib/gcc/arm-none-eabi/10.3.1/../../../../arm-none-eabi/bin/ld: ./Core/Src/main.o: in function `main':
/home/leon/Projects/stm32f103-dro/code/Debug/../Core/Src/main.c:102: undefined reference to `ssd1306_init'
/opt/st/stm32cubeide_1.10.1/plugins/com.st.stm32cube.ide.mcu.externaltools.gnu-tools-for-stm32.10.3-2021.10.linux64_1.0.0.202111181127/tools/bin/../lib/gcc/arm-none-eabi/10.3.1/../../../../arm-none-eabi/bin/ld: /home/leon/Projects/stm32f103-dro/code/Debug/../Core/Src/main.c:104: undefined reference to `ssd1306_clear'
/opt/st/stm32cubeide_1.10.1/plugins/com.st.stm32cube.ide.mcu.externaltools.gnu-tools-for-stm32.10.3-2021.10.linux64_1.0.0.202111181127/tools/bin/../lib/gcc/arm-none-eabi/10.3.1/../../../../arm-none-eabi/bin/ld: /home/leon/Projects/stm32f103-dro/code/Debug/../Core/Src/main.c:105: undefined reference to `ssd1306_refresh'
/opt/st/stm32cubeide_1.10.1/plugins/com.st.stm32cube.ide.mcu.externaltools.gnu-tools-for-stm32.10.3-2021.10.linux64_1.0.0.202111181127/tools/bin/../lib/gcc/arm-none-eabi/10.3.1/../../../../arm-none-eabi/bin/ld: /home/leon/Projects/stm32f103-dro/code/Debug/../Core/Src/main.c:130: undefined reference to `buttons_setup'
/opt/st/stm32cubeide_1.10.1/plugins/com.st.stm32cube.ide.mcu.externaltools.gnu-tools-for-stm32.10.3-2021.10.linux64_1.0.0.202111181127/tools/bin/../lib/gcc/arm-none-eabi/10.3.1/../../../../arm-none-eabi/bin/ld: /home/leon/Projects/stm32f103-dro/code/Debug/../Core/Src/main.c:142: undefined reference to `ssd1306_drawhmm'
/opt/st/stm32cubeide_1.10.1/plugins/com.st.stm32cube.ide.mcu.externaltools.gnu-tools-for-stm32.10.3-2021.10.linux64_1.0.0.202111181127/tools/bin/../lib/gcc/arm-none-eabi/10.3.1/../../../../arm-none-eabi/bin/ld: /home/leon/Projects/stm32f103-dro/code/Debug/../Core/Src/main.c:145: undefined reference to `ssd1306_refresh'
/opt/st/stm32cubeide_1.10.1/plugins/com.st.stm32cube.ide.mcu.externaltools.gnu-tools-for-stm32.10.3-2021.10.linux64_1.0.0.202111181127/tools/bin/../lib/gcc/arm-none-eabi/10.3.1/../../../../arm-none-eabi/bin/ld: /home/leon/Projects/stm32f103-dro/code/Debug/../Core/Src/main.c:139: undefined reference to `calipers'
/opt/st/stm32cubeide_1.10.1/plugins/com.st.stm32cube.ide.mcu.externaltools.gnu-tools-for-stm32.10.3-2021.10.linux64_1.0.0.202111181127/tools/bin/../lib/gcc/arm-none-eabi/10.3.1/../../../../arm-none-eabi/bin/ld: ./Core/Src/stm32f1xx_it.o: in function `EXTI0_IRQHandler':
/home/leon/Projects/stm32f103-dro/code/Debug/../Core/Src/stm32f1xx_it.c:214: undefined reference to `read_21bit_caliper'
/opt/st/stm32cubeide_1.10.1/plugins/com.st.stm32cube.ide.mcu.externaltools.gnu-tools-for-stm32.10.3-2021.10.linux64_1.0.0.202111181127/tools/bin/../lib/gcc/arm-none-eabi/10.3.1/../../../../arm-none-eabi/bin/ld: /home/leon/Projects/stm32f103-dro/code/Debug/../Core/Src/stm32f1xx_it.c:216: undefined reference to `calipers'
/opt/st/stm32cubeide_1.10.1/plugins/com.st.stm32cube.ide.mcu.externaltools.gnu-tools-for-stm32.10.3-2021.10.linux64_1.0.0.202111181127/tools/bin/../lib/gcc/arm-none-eabi/10.3.1/../../../../arm-none-eabi/bin/ld: ./Core/Src/stm32f1xx_it.o: in function `EXTI2_IRQHandler':
/home/leon/Projects/stm32f103-dro/code/Debug/../Core/Src/stm32f1xx_it.c:228: undefined reference to `read_21bit_caliper'
/opt/st/stm32cubeide_1.10.1/plugins/com.st.stm32cube.ide.mcu.externaltools.gnu-tools-for-stm32.10.3-2021.10.linux64_1.0.0.202111181127/tools/bin/../lib/gcc/arm-none-eabi/10.3.1/../../../../arm-none-eabi/bin/ld: /home/leon/Projects/stm32f103-dro/code/Debug/../Core/Src/stm32f1xx_it.c:230: undefined reference to `calipers'
/opt/st/stm32cubeide_1.10.1/plugins/com.st.stm32cube.ide.mcu.externaltools.gnu-tools-for-stm32.10.3-2021.10.linux64_1.0.0.202111181127/tools/bin/../lib/gcc/arm-none-eabi/10.3.1/../../../../arm-none-eabi/bin/ld: ./Core/Src/stm32f1xx_it.o: in function `EXTI4_IRQHandler':
/home/leon/Projects/stm32f103-dro/code/Debug/../Core/Src/stm32f1xx_it.c:242: undefined reference to `read_21bit_caliper'
/opt/st/stm32cubeide_1.10.1/plugins/com.st.stm32cube.ide.mcu.externaltools.gnu-tools-for-stm32.10.3-2021.10.linux64_1.0.0.202111181127/tools/bin/../lib/gcc/arm-none-eabi/10.3.1/../../../../arm-none-eabi/bin/ld: /home/leon/Projects/stm32f103-dro/code/Debug/../Core/Src/stm32f1xx_it.c:244: undefined reference to `calipers'
/opt/st/stm32cubeide_1.10.1/plugins/com.st.stm32cube.ide.mcu.externaltools.gnu-tools-for-stm32.10.3-2021.10.linux64_1.0.0.202111181127/tools/bin/../lib/gcc/arm-none-eabi/10.3.1/../../../../arm-none-eabi/bin/ld: ./Core/Src/stm32f1xx_it.o: in function `TIM2_IRQHandler':
/home/leon/Projects/stm32f103-dro/code/Debug/../Core/Src/stm32f1xx_it.c:288: undefined reference to `buttonIRQDisabled'
/opt/st/stm32cubeide_1.10.1/plugins/com.st.stm32cube.ide.mcu.externaltools.gnu-tools-for-stm32.10.3-2021.10.linux64_1.0.0.202111181127/tools/bin/../lib/gcc/arm-none-eabi/10.3.1/../../../../arm-none-eabi/bin/ld: /home/leon/Projects/stm32f103-dro/code/Debug/../Core/Src/stm32f1xx_it.c:288: undefined reference to `button_ticks'
/opt/st/stm32cubeide_1.10.1/plugins/com.st.stm32cube.ide.mcu.externaltools.gnu-tools-for-stm32.10.3-2021.10.linux64_1.0.0.202111181127/tools/bin/../lib/gcc/arm-none-eabi/10.3.1/../../../../arm-none-eabi/bin/ld: /home/leon/Projects/stm32f103-dro/code/Debug/../Core/Src/stm32f1xx_it.c:288: undefined reference to `button_poll'
collect2: error: ld returned 1 exit status
make: *** [makefile:64: code.elf] Error 1
"make -j16 all" terminated with exit code 2. Build might be incomplete.
